                                      1 ;--------------------------------------------------------
                                      2 ; File Created by SDCC : free open source ISO C Compiler
                                      3 ; Version 4.5.1 #15267 (MINGW64)
                                      4 ;--------------------------------------------------------
                                      5 	.module enemies
                                      6 	
                                      7 ;--------------------------------------------------------
                                      8 ; Public variables in this module
                                      9 ;--------------------------------------------------------
                                     10 	.globl _rand
                                     11 	.globl _m_bShowSpray
                                     12 	.globl _m_bPlayKillSoundEffect
                                     13 	.globl _m_nSpawnDelay
                                     14 	.globl _m_nSpawnTimer
                                     15 	.globl _m_aoEnemies
                                     16 	.globl _InitEnemiesSpawnQueue
                                     17 	.globl _GetNextSpawnIndex
                                     18 	.globl _InitEnemy
                                     19 	.globl _SpawnEnemy
                                     20 	.globl _GetSprite
                                     21 	.globl _UpdateEnemy
                                     22 	.globl _KillEnemy
                                     23 	.globl _IncreaseDifficulty
                                     24 	.globl _IsEnemyAlive
                                     25 	.globl _SpawnNext
                                     26 	.globl _TickSpawnTimer
                                     27 ;--------------------------------------------------------
                                     28 ; special function registers
                                     29 ;--------------------------------------------------------
                                     30 ;--------------------------------------------------------
                                     31 ; ram data
                                     32 ;--------------------------------------------------------
                                     33 	.area _DATA
    00000000                         34 _m_aoEnemies::
    00000000                         35 	.ds 208
    000000D0                         36 _m_anSpawnQueue:
    000000D0                         37 	.ds 64
                                     38 ;--------------------------------------------------------
                                     39 ; ram data
                                     40 ;--------------------------------------------------------
                                     41 	.area _INITIALIZED
    00000000                         42 _m_nNextSpriteID:
    00000000                         43 	.ds 1
    00000001                         44 _m_nSpawnQueuePos:
    00000001                         45 	.ds 1
    00000002                         46 _m_nCurrentSpeed:
    00000002                         47 	.ds 1
    00000003                         48 _m_nTotalKilled:
    00000003                         49 	.ds 2
    00000005                         50 _m_nKillsForNextSpeed:
    00000005                         51 	.ds 2
    00000007                         52 _m_nKillsForNextSpawnRate:
    00000007                         53 	.ds 2
    00000009                         54 _m_bMaxSpeedReached:
    00000009                         55 	.ds 1
    0000000A                         56 _m_bMaxSpawnRateReached:
    0000000A                         57 	.ds 1
    0000000B                         58 _m_nLastSpawnRateKillCount:
    0000000B                         59 	.ds 2
    0000000D                         60 _m_nSpawnTimer::
    0000000D                         61 	.ds 1
    0000000E                         62 _m_nSpawnDelay::
    0000000E                         63 	.ds 1
    0000000F                         64 _m_bPlayKillSoundEffect::
    0000000F                         65 	.ds 1
    00000010                         66 _m_bShowSpray::
    00000010                         67 	.ds 1
                                     68 ;--------------------------------------------------------
                                     69 ; absolute external ram data
                                     70 ;--------------------------------------------------------
                                     71 	.area _DABS (ABS)
                                     72 ;--------------------------------------------------------
                                     73 ; global & static initialisations
                                     74 ;--------------------------------------------------------
                                     75 	.area _HOME
                                     76 	.area _GSINIT
                                     77 	.area _GSFINAL
                                     78 	.area _GSINIT
                                     79 ;--------------------------------------------------------
                                     80 ; Home
                                     81 ;--------------------------------------------------------
                                     82 	.area _HOME
                                     83 	.area _HOME
                                     84 ;--------------------------------------------------------
                                     85 ; code
                                     86 ;--------------------------------------------------------
                                     87 	.area _CODE
                                     88 ;enemies.c:87: void InitEnemiesSpawnQueue(void) 
                                     89 ;	---------------------------------
                                     90 ; Function InitEnemiesSpawnQueue
                                     91 ; ---------------------------------
    00000000                         92 _InitEnemiesSpawnQueue::
    00000000 3B               [ 8]   93 	dec	sp
                                     94 ;enemies.c:95: UINT8 nIndex = 0;
    00000001 1E 00            [ 8]   95 	ld	e, #0x00
                                     96 ;enemies.c:97: BOOLEAN bValidShuffle = FALSE;
                                     97 ;enemies.c:101: for (o = 0; o < 8; o++) 
    00000003 01 00 08         [12]   98 	ld	bc, #0x800
                                     99 ;enemies.c:103: for (k = 0; k < 8; k++) 
    00000006                        100 00126$:
    00000006 16 00            [ 8]  101 	ld	d, #0x00
    00000008                        102 00113$:
                                    103 ;enemies.c:105: m_anSpawnQueue[nIndex++] = k;
    00000008 3ErD0            [ 8]  104 	ld	a, #<(_m_anSpawnQueue)
    0000000A 83               [ 4]  105 	add	a, e
    0000000B 6F               [ 4]  106 	ld	l, a
    0000000C 3Es00            [ 8]  107 	ld	a, #>(_m_anSpawnQueue)
    0000000E CE 00            [ 8]  108 	adc	a, #0x00
    00000010 67               [ 4]  109 	ld	h, a
    00000011 1C               [ 4]  110 	inc	e
    00000012 72               [ 8]  111 	ld	(hl), d
                                    112 ;enemies.c:103: for (k = 0; k < 8; k++) 
    00000013 14               [ 4]  113 	inc	d
    00000014 7A               [ 4]  114 	ld	a, d
    00000015 D6 08            [ 8]  115 	sub	a, #0x08
    00000017 38 EF            [12]  116 	jr	C, 00113$
    00000019 05               [ 4]  117 	dec	b
    0000001A 20 EA            [12]  118 	jr	NZ, 00126$
                                    119 ;enemies.c:101: for (o = 0; o < 8; o++) 
                                    120 ;enemies.c:111: while (!bValidShuffle) 
    0000001C                        121 00110$:
    0000001C 79               [ 4]  122 	ld	a, c
    0000001D B7               [ 4]  123 	or	a, a
    0000001E 20 5E            [12]  124 	jr	NZ, 00112$
                                    125 ;enemies.c:114: for (i = SPAWN_QUEUE_SIZE - 1; i > 0; i--) 
    00000020 F8 00            [12]  126 	ldhl	sp,	#0
    00000022 36 3F            [12]  127 	ld	(hl), #0x3f
    00000024                        128 00118$:
                                    129 ;enemies.c:116: j = rand() % (i + 1);
    00000024 CDr00r00         [24]  130 	call	_rand
    00000027 F8 00            [12]  131 	ldhl	sp,	#0
    00000029 4E               [ 8]  132 	ld	c, (hl)
    0000002A 06 00            [ 8]  133 	ld	b, #0x00
    0000002C 03               [ 8]  134 	inc	bc
    0000002D 16 00            [ 8]  135 	ld	d, #0x00
    0000002F CDr00r00         [24]  136 	call	__modsint
                                    137 ;enemies.c:117: nTemp = m_anSpawnQueue[i];
    00000032 11rD0r00         [12]  138 	ld	de, #_m_anSpawnQueue
    00000035 F8 00            [12]  139 	ldhl	sp,	#0
    00000037 6E               [ 8]  140 	ld	l, (hl)
    00000038 26 00            [ 8]  141 	ld	h, #0x00
    0000003A 19               [ 8]  142 	add	hl, de
    0000003B 5D               [ 4]  143 	ld	e, l
    0000003C 54               [ 4]  144 	ld	d, h
    0000003D 1A               [ 8]  145 	ld	a, (de)
    0000003E 47               [ 4]  146 	ld	b, a
                                    147 ;enemies.c:118: m_anSpawnQueue[i] = m_anSpawnQueue[j];
    0000003F 3ErD0            [ 8]  148 	ld	a, #<(_m_anSpawnQueue)
    00000041 81               [ 4]  149 	add	a, c
    00000042 6F               [ 4]  150 	ld	l, a
    00000043 3Es00            [ 8]  151 	ld	a, #>(_m_anSpawnQueue)
    00000045 CE 00            [ 8]  152 	adc	a, #0x00
    00000047 67               [ 4]  153 	ld	h, a
    00000048 7E               [ 8]  154 	ld	a, (hl)
    00000049 12               [ 8]  155 	ld	(de), a
                                    156 ;enemies.c:119: m_anSpawnQueue[j] = nTemp;
    0000004A 70               [ 8]  157 	ld	(hl), b
                                    158 ;enemies.c:114: for (i = SPAWN_QUEUE_SIZE - 1; i > 0; i--) 
    0000004B F8 00            [12]  159 	ldhl	sp,	#0
    0000004D 35               [12]  160 	dec	(hl)
    0000004E 20 D4            [12]  161 	jr	NZ, 00118$
                                    162 ;enemies.c:124: bValidShuffle = TRUE;
                                    163 ;enemies.c:125: nStreak = 1;
    00000050 01 01 01         [12]  164 	ld	bc, #0x101
                                    165 ;enemies.c:130: for (i = 1; i < SPAWN_QUEUE_SIZE; i++) 
    00000053 1E 01            [ 8]  166 	ld	e, #0x01
    00000055                        167 00120$:
                                    168 ;enemies.c:133: if (m_anSpawnQueue[i] == m_anSpawnQueue[i-1]) 
    00000055 21rD0r00         [12]  169 	ld	hl, #_m_anSpawnQueue
    00000058 16 00            [ 8]  170 	ld	d, #0x00
    0000005A 19               [ 8]  171 	add	hl, de
    0000005B 56               [ 8]  172 	ld	d, (hl)
    0000005C 7B               [ 4]  173 	ld	a, e
    0000005D 3D               [ 4]  174 	dec	a
    0000005E C6rD0            [ 8]  175 	add	a, #<(_m_anSpawnQueue)
    00000060 6F               [ 4]  176 	ld	l, a
    00000061 3E 00            [ 8]  177 	ld	a, #0x00
    00000063 CEs00            [ 8]  178 	adc	a, #>(_m_anSpawnQueue)
    00000065 67               [ 4]  179 	ld	h, a
    00000066 7E               [ 8]  180 	ld	a, (hl)
    00000067 92               [ 4]  181 	sub	a, d
    00000068 20 0A            [12]  182 	jr	NZ, 00107$
                                    183 ;enemies.c:136: nStreak++;
    0000006A 04               [ 4]  184 	inc	b
                                    185 ;enemies.c:139: if (nStreak > 3) 
    0000006B 3E 03            [ 8]  186 	ld	a, #0x03
    0000006D 90               [ 4]  187 	sub	a, b
    0000006E 30 06            [12]  188 	jr	NC, 00121$
                                    189 ;enemies.c:143: bValidShuffle = FALSE;
    00000070 0E 00            [ 8]  190 	ld	c, #0x00
                                    191 ;enemies.c:144: break;
    00000072 18 A8            [12]  192 	jr	00110$
    00000074                        193 00107$:
                                    194 ;enemies.c:151: nStreak = 1;
    00000074 06 01            [ 8]  195 	ld	b, #0x01
    00000076                        196 00121$:
                                    197 ;enemies.c:130: for (i = 1; i < SPAWN_QUEUE_SIZE; i++) 
    00000076 1C               [ 4]  198 	inc	e
    00000077 7B               [ 4]  199 	ld	a, e
    00000078 D6 40            [ 8]  200 	sub	a, #0x40
    0000007A 38 D9            [12]  201 	jr	C, 00120$
    0000007C 18 9E            [12]  202 	jr	00110$
    0000007E                        203 00112$:
                                    204 ;enemies.c:157: m_nSpawnQueuePos = 0;
    0000007E AF               [ 4]  205 	xor	a, a
    0000007F EAr01r00         [16]  206 	ld	(#_m_nSpawnQueuePos),a
                                    207 ;enemies.c:158: }
    00000082 33               [ 8]  208 	inc	sp
    00000083 C9               [16]  209 	ret
    00000084                        210 _m_anSpawnPositions:
    00000084 27                     211 	.db #0x27	; 39
    00000085 2B                     212 	.db #0x2b	; 43
    00000086 50                     213 	.db #0x50	; 80	'P'
    00000087 29                     214 	.db #0x29	; 41
    00000088 82                     215 	.db #0x82	; 130
    00000089 21                     216 	.db #0x21	; 33
    0000008A 0E                     217 	.db #0x0e	; 14
    0000008B 52                     218 	.db #0x52	; 82	'R'
    0000008C 9A                     219 	.db #0x9a	; 154
    0000008D 52                     220 	.db #0x52	; 82	'R'
    0000008E 06                     221 	.db #0x06	; 6
    0000008F 9A                     222 	.db #0x9a	; 154
    00000090 50                     223 	.db #0x50	; 80	'P'
    00000091 9A                     224 	.db #0x9a	; 154
    00000092 9C                     225 	.db #0x9c	; 156
    00000093 9C                     226 	.db #0x9c	; 156
    00000094                        227 _m_anMovementDirX:
    00000094 01                     228 	.db #0x01	;  1
    00000095 00                     229 	.db #0x00	;  0
    00000096 FF                     230 	.db #0xff	; -1
    00000097 01                     231 	.db #0x01	;  1
    00000098 FF                     232 	.db #0xff	; -1
    00000099 01                     233 	.db #0x01	;  1
    0000009A 00                     234 	.db #0x00	;  0
    0000009B FF                     235 	.db #0xff	; -1
    0000009C                        236 _m_anMovementDirY:
    0000009C 01                     237 	.db #0x01	;  1
    0000009D 01                     238 	.db #0x01	;  1
    0000009E 01                     239 	.db #0x01	;  1
    0000009F 00                     240 	.db #0x00	;  0
    000000A0 00                     241 	.db #0x00	;  0
    000000A1 FF                     242 	.db #0xff	; -1
    000000A2 FF                     243 	.db #0xff	; -1
    000000A3 FF                     244 	.db #0xff	; -1
                                    245 ;enemies.c:166: UINT8 GetNextSpawnIndex(void) 
                                    246 ;	---------------------------------
                                    247 ; Function GetNextSpawnIndex
                                    248 ; ---------------------------------
    000000A4                        249 _GetNextSpawnIndex::
                                    250 ;enemies.c:169: UINT8 nIndex = m_anSpawnQueue[m_nSpawnQueuePos];
    000000A4 3ErD0            [ 8]  251 	ld	a, #<(_m_anSpawnQueue)
    000000A6 21r01r00         [12]  252 	ld	hl, #_m_nSpawnQueuePos
    000000A9 86               [ 8]  253 	add	a, (hl)
    000000AA 4F               [ 4]  254 	ld	c, a
    000000AB 3Es00            [ 8]  255 	ld	a, #>(_m_anSpawnQueue)
    000000AD CE 00            [ 8]  256 	adc	a, #0x00
    000000AF 47               [ 4]  257 	ld	b, a
    000000B0 0A               [ 8]  258 	ld	a, (bc)
    000000B1 6F               [ 4]  259 	ld	l, a
                                    260 ;enemies.c:170: m_nSpawnQueuePos = (m_nSpawnQueuePos + 1) % SPAWN_QUEUE_SIZE;
    000000B2 FAr01r00         [16]  261 	ld	a, (_m_nSpawnQueuePos)
    000000B5 16 00            [ 8]  262 	ld	d, #0x00
    000000B7 5F               [ 4]  263 	ld	e, a
    000000B8 13               [ 8]  264 	inc	de
    000000B9 E5               [16]  265 	push	hl
    000000BA 01 40 00         [12]  266 	ld	bc, #0x0040
    000000BD CDr00r00         [24]  267 	call	__modsint
    000000C0 E1               [12]  268 	pop	hl
    000000C1 79               [ 4]  269 	ld	a, c
    000000C2 EAr01r00         [16]  270 	ld	(_m_nSpawnQueuePos), a
                                    271 ;enemies.c:171: return nIndex;
    000000C5 7D               [ 4]  272 	ld	a, l
                                    273 ;enemies.c:172: }
    000000C6 C9               [16]  274 	ret
                                    275 ;enemies.c:180: void InitEnemy(UINT8 nEnemyIndex) 
                                    276 ;	---------------------------------
                                    277 ; Function InitEnemy
                                    278 ; ---------------------------------
    000000C7                        279 _InitEnemy::
    000000C7 4F               [ 4]  280 	ld	c, a
                                    281 ;enemies.c:183: m_aoEnemies[nEnemyIndex].bAlive = FALSE;
    000000C8 06 00            [ 8]  282 	ld	b, #0x00
    000000CA 69               [ 4]  283 	ld	l, c
    000000CB 60               [ 4]  284 	ld	h, b
    000000CC 29               [ 8]  285 	add	hl, hl
    000000CD 09               [ 8]  286 	add	hl, bc
    000000CE 29               [ 8]  287 	add	hl, hl
    000000CF 29               [ 8]  288 	add	hl, hl
    000000D0 09               [ 8]  289 	add	hl, bc
    000000D1 3Er00            [ 8]  290 	ld	a, #<(_m_aoEnemies)
    000000D3 85               [ 4]  291 	add	a, l
    000000D4 4F               [ 4]  292 	ld	c, a
    000000D5 3Es00            [ 8]  293 	ld	a, #>(_m_aoEnemies)
    000000D7 8C               [ 4]  294 	adc	a, h
    000000D8 47               [ 4]  295 	ld	b, a
    000000D9 69               [ 4]  296 	ld	l, c
    000000DA 60               [ 4]  297 	ld	h, b
    000000DB 23               [ 8]  298 	inc	hl
    000000DC 23               [ 8]  299 	inc	hl
    000000DD 23               [ 8]  300 	inc	hl
    000000DE 36 00            [12]  301 	ld	(hl), #0x00
                                    302 ;enemies.c:184: m_aoEnemies[nEnemyIndex].bCantMove = FALSE;
    000000E0 21 06 00         [12]  303 	ld	hl, #0x0006
    000000E3 09               [ 8]  304 	add	hl, bc
    000000E4 36 00            [12]  305 	ld	(hl), #0x00
                                    306 ;enemies.c:185: m_aoEnemies[nEnemyIndex].bMainSpriteSet = FALSE;
    000000E6 21 0C 00         [12]  307 	ld	hl, #0x000c
    000000E9 09               [ 8]  308 	add	hl, bc
    000000EA 36 00            [12]  309 	ld	(hl), #0x00
                                    310 ;enemies.c:186: m_aoEnemies[nEnemyIndex].nSpriteID = 0;
    000000EC 69               [ 4]  311 	ld	l, c
    000000ED 60               [ 4]  312 	ld	h, b
    000000EE 23               [ 8]  313 	inc	hl
    000000EF 23               [ 8]  314 	inc	hl
    000000F0 36 00            [12]  315 	ld	(hl), #0x00
                                    316 ;enemies.c:187: m_aoEnemies[nEnemyIndex].nSpeed = m_nCurrentSpeed;
    000000F2 21 07 00         [12]  317 	ld	hl, #0x0007
    000000F5 09               [ 8]  318 	add	hl, bc
    000000F6 FAr02r00         [16]  319 	ld	a, (_m_nCurrentSpeed)
    000000F9 77               [ 8]  320 	ld	(hl), a
                                    321 ;enemies.c:188: m_aoEnemies[nEnemyIndex].nSubPixelX = 0;
    000000FA 21 09 00         [12]  322 	ld	hl, #0x0009
    000000FD 09               [ 8]  323 	add	hl, bc
    000000FE 36 00            [12]  324 	ld	(hl), #0x00
                                    325 ;enemies.c:189: m_aoEnemies[nEnemyIndex].nSubPixelY = 0;
    00000100 21 0A 00         [12]  326 	ld	hl, #0x000a
    00000103 09               [ 8]  327 	add	hl, bc
    00000104 36 00            [12]  328 	ld	(hl), #0x00
                                    329 ;enemies.c:190: }
    00000106 C9               [16]  330 	ret
                                    331 ;enemies.c:199: void SpawnEnemy(UINT8 nEnemyIndex, UINT8 nSpawnIndex) 
                                    332 ;	---------------------------------
                                    333 ; Function SpawnEnemy
                                    334 ; ---------------------------------
    00000107                        335 _SpawnEnemy::
    00000107 E8 F8            [16]  336 	add	sp, #-8
    00000109 4F               [ 4]  337 	ld	c, a
    0000010A F8 07            [12]  338 	ldhl	sp,	#7
    0000010C 73               [ 8]  339 	ld	(hl), e
                                    340 ;enemies.c:202: Enemy* ptrEnemy = &m_aoEnemies[nEnemyIndex];
    0000010D 06 00            [ 8]  341 	ld	b, #0x00
    0000010F 69               [ 4]  342 	ld	l, c
    00000110 60               [ 4]  343 	ld	h, b
    00000111 29               [ 8]  344 	add	hl, hl
    00000112 09               [ 8]  345 	add	hl, bc
    00000113 29               [ 8]  346 	add	hl, hl
    00000114 29               [ 8]  347 	add	hl, hl
    00000115 09               [ 8]  348 	add	hl, bc
    00000116 11r00r00         [12]  349 	ld	de, #_m_aoEnemies
    00000119 19               [ 8]  350 	add	hl, de
    0000011A 4D               [ 4]  351 	ld	c, l
    0000011B 44               [ 4]  352 	ld	b, h
                                    353 ;enemies.c:210: if (nSpawnIndex > 7) nSpawnIndex = 2;
    0000011C 3E 07            [ 8]  354 	ld	a, #0x07
    0000011E F8 07            [12]  355 	ldhl	sp,	#7
    00000120 96               [ 8]  356 	sub	a, (hl)
    00000121 30 02            [12]  357 	jr	NC, 00102$
    00000123 36 02            [12]  358 	ld	(hl), #0x02
    00000125                        359 00102$:
                                    360 ;enemies.c:213: ptrEnemy->nX = m_anSpawnPositions[nSpawnIndex][0];
    00000125 33               [ 8]  361 	inc	sp
    00000126 33               [ 8]  362 	inc	sp
    00000127 C5               [16]  363 	push	bc
    00000128 F8 07            [12]  364 	ldhl	sp,	#7
    0000012A 5E               [ 8]  365 	ld	e, (hl)
    0000012B AF               [ 4]  366 	xor	a, a
    0000012C 57               [ 4]  367 	ld	d, a
    0000012D CB 23            [ 8]  368 	sla	e
    0000012F CB 12            [ 8]  369 	rl	d
    00000131 21r84r00         [12]  370 	ld	hl, #_m_anSpawnPositions
    00000134 19               [ 8]  371 	add	hl, de
    00000135 E5               [16]  372 	push	hl
    00000136 7D               [ 4]  373 	ld	a, l
    00000137 F8 07            [12]  374 	ldhl	sp,	#7
    00000139 77               [ 8]  375 	ld	(hl), a
    0000013A E1               [12]  376 	pop	hl
    0000013B 7C               [ 4]  377 	ld	a, h
    0000013C F8 06            [12]  378 	ldhl	sp,	#6
    0000013E 32               [ 8]  379 	ld	(hl-), a
    0000013F 2A               [ 8]  380 	ld	a, (hl+)
    00000140 5F               [ 4]  381 	ld	e, a
    00000141 56               [ 8]  382 	ld	d, (hl)
    00000142 1A               [ 8]  383 	ld	a, (de)
    00000143 E1               [12]  384 	pop	hl
    00000144 E5               [16]  385 	push	hl
    00000145 77               [ 8]  386 	ld	(hl), a
                                    387 ;enemies.c:214: ptrEnemy->nY = m_anSpawnPositions[nSpawnIndex][1];
    00000146 69               [ 4]  388 	ld	l, c
    00000147 60               [ 4]  389 	ld	h, b
    00000148 23               [ 8]  390 	inc	hl
    00000149 E5               [16]  391 	push	hl
    0000014A 7D               [ 4]  392 	ld	a, l
    0000014B F8 04            [12]  393 	ldhl	sp,	#4
    0000014D 77               [ 8]  394 	ld	(hl), a
    0000014E E1               [12]  395 	pop	hl
    0000014F 7C               [ 4]  396 	ld	a, h
    00000150 F8 03            [12]  397 	ldhl	sp,	#3
    00000152 22               [ 8]  398 	ld	(hl+), a
    00000153 23               [ 8]  399 	inc	hl
    00000154 2A               [ 8]  400 	ld	a, (hl+)
    00000155 5F               [ 4]  401 	ld	e, a
    00000156 56               [ 8]  402 	ld	d, (hl)
    00000157 13               [ 8]  403 	inc	de
    00000158 1A               [ 8]  404 	ld	a, (de)
    00000159 F8 02            [12]  405 	ldhl	sp,	#2
    0000015B 5E               [ 8]  406 	ld	e, (hl)
    0000015C 23               [ 8]  407 	inc	hl
    0000015D 66               [ 8]  408 	ld	h, (hl)
    0000015E 6B               [ 4]  409 	ld	l, e
    0000015F 77               [ 8]  410 	ld	(hl), a
                                    411 ;enemies.c:217: ptrEnemy->nSubPixelX = 0;
    00000160 21 09 00         [12]  412 	ld	hl, #0x0009
    00000163 09               [ 8]  413 	add	hl, bc
    00000164 36 00            [12]  414 	ld	(hl), #0x00
                                    415 ;enemies.c:218: ptrEnemy->nSubPixelY = 0;
    00000166 21 0A 00         [12]  416 	ld	hl, #0x000a
    00000169 09               [ 8]  417 	add	hl, bc
    0000016A 36 00            [12]  418 	ld	(hl), #0x00
                                    419 ;enemies.c:221: ptrEnemy->bAlive = TRUE;
    0000016C 69               [ 4]  420 	ld	l, c
    0000016D 60               [ 4]  421 	ld	h, b
    0000016E 23               [ 8]  422 	inc	hl
    0000016F 23               [ 8]  423 	inc	hl
    00000170 23               [ 8]  424 	inc	hl
    00000171 36 01            [12]  425 	ld	(hl), #0x01
                                    426 ;enemies.c:222: ptrEnemy->bCantMove = FALSE;
    00000173 21 06 00         [12]  427 	ld	hl, #0x0006
    00000176 09               [ 8]  428 	add	hl, bc
    00000177 36 00            [12]  429 	ld	(hl), #0x00
                                    430 ;enemies.c:223: ptrEnemy->bMainSpriteSet = FALSE;
    00000179 21 0C 00         [12]  431 	ld	hl, #0x000c
    0000017C 09               [ 8]  432 	add	hl, bc
    0000017D 36 00            [12]  433 	ld	(hl), #0x00
                                    434 ;enemies.c:226: nMoveventX = m_anMovementDirX[nSpawnIndex];
    0000017F 11r94r00         [12]  435 	ld	de, #_m_anMovementDirX+0
    00000182 F8 07            [12]  436 	ldhl	sp,	#7
    00000184 6E               [ 8]  437 	ld	l, (hl)
    00000185 26 00            [ 8]  438 	ld	h, #0x00
    00000187 19               [ 8]  439 	add	hl, de
    00000188 5D               [ 4]  440 	ld	e, l
    00000189 54               [ 4]  441 	ld	d, h
    0000018A 1A               [ 8]  442 	ld	a, (de)
    0000018B F8 06            [12]  443 	ldhl	sp,	#6
                                    444 ;enemies.c:227: nMovementY = m_anMovementDirY[nSpawnIndex];
    0000018D 22               [ 8]  445 	ld	(hl+), a
    0000018E 11r9Cr00         [12]  446 	ld	de, #_m_anMovementDirY+0
    00000191 6E               [ 8]  447 	ld	l, (hl)
    00000192 26 00            [ 8]  448 	ld	h, #0x00
    00000194 19               [ 8]  449 	add	hl, de
    00000195 5D               [ 4]  450 	ld	e, l
    00000196 54               [ 4]  451 	ld	d, h
    00000197 1A               [ 8]  452 	ld	a, (de)
    00000198 5F               [ 4]  453 	ld	e, a
                                    454 ;enemies.c:228: ptrEnemy->nDirX = nMoveventX;
    00000199 21 04 00         [12]  455 	ld	hl, #0x0004
    0000019C 09               [ 8]  456 	add	hl, bc
    0000019D E5               [16]  457 	push	hl
    0000019E F8 08            [12]  458 	ldhl	sp,	#8
    000001A0 7E               [ 8]  459 	ld	a, (hl)
    000001A1 E1               [12]  460 	pop	hl
    000001A2 77               [ 8]  461 	ld	(hl), a
                                    462 ;enemies.c:229: ptrEnemy->nDirY = nMovementY;
    000001A3 21 05 00         [12]  463 	ld	hl, #0x0005
    000001A6 09               [ 8]  464 	add	hl, bc
    000001A7 73               [ 8]  465 	ld	(hl), e
                                    466 ;enemies.c:232: ptrEnemy->nSpeed = m_nCurrentSpeed;
    000001A8 21 07 00         [12]  467 	ld	hl, #0x0007
    000001AB 09               [ 8]  468 	add	hl, bc
    000001AC FAr02r00         [16]  469 	ld	a, (_m_nCurrentSpeed)
    000001AF 77               [ 8]  470 	ld	(hl), a
                                    471 ;enemies.c:235: ptrEnemy->nSpriteID = m_nNextSpriteID++;
    000001B0 21 02 00         [12]  472 	ld	hl, #0x0002
    000001B3 09               [ 8]  473 	add	hl, bc
    000001B4 E5               [16]  474 	push	hl
    000001B5 7D               [ 4]  475 	ld	a, l
    000001B6 F8 06            [12]  476 	ldhl	sp,	#6
    000001B8 77               [ 8]  477 	ld	(hl), a
    000001B9 E1               [12]  478 	pop	hl
    000001BA 7C               [ 4]  479 	ld	a, h
    000001BB F8 05            [12]  480 	ldhl	sp,	#5
    000001BD 77               [ 8]  481 	ld	(hl), a
    000001BE FAr00r00         [16]  482 	ld	a, (#_m_nNextSpriteID)
    000001C1 F8 06            [12]  483 	ldhl	sp,	#6
    000001C3 77               [ 8]  484 	ld	(hl), a
    000001C4 21r00r00         [12]  485 	ld	hl, #_m_nNextSpriteID
    000001C7 34               [12]  486 	inc	(hl)
    000001C8 F8 04            [12]  487 	ldhl	sp,	#4
    000001CA 2A               [ 8]  488 	ld	a, (hl+)
    000001CB 5F               [ 4]  489 	ld	e, a
    000001CC 2A               [ 8]  490 	ld	a, (hl+)
    000001CD 57               [ 4]  491 	ld	d, a
    000001CE 7E               [ 8]  492 	ld	a, (hl)
    000001CF 12               [ 8]  493 	ld	(de), a
                                    494 ;enemies.c:238: if (m_nNextSpriteID >= 40) m_nNextSpriteID = 7;
    000001D0 21r00r00         [12]  495 	ld	hl, #_m_nNextSpriteID
    000001D3 7E               [ 8]  496 	ld	a, (hl)
    000001D4 D6 28            [ 8]  497 	sub	a, #0x28
    000001D6 38 02            [12]  498 	jr	C, 00104$
    000001D8 36 07            [12]  499 	ld	(hl), #0x07
    000001DA                        500 00104$:
                                    501 ;enemies.c:241: ptrEnemy->nIndex = nSpawnIndex;
    000001DA 21 08 00         [12]  502 	ld	hl, #0x0008
    000001DD 09               [ 8]  503 	add	hl, bc
    000001DE 5D               [ 4]  504 	ld	e, l
    000001DF 54               [ 4]  505 	ld	d, h
    000001E0 F8 07            [12]  506 	ldhl	sp,	#7
    000001E2 7E               [ 8]  507 	ld	a, (hl)
    000001E3 12               [ 8]  508 	ld	(de), a
                                    509 ;enemies.c:245: ptrEnemy->nSpriteNumber = GetSprite((rand() >> 4) % 5) + nSpawnIndex;
    000001E4 21 0B 00         [12]  510 	ld	hl, #0x000b
    000001E7 09               [ 8]  511 	add	hl, bc
    000001E8 4D               [ 4]  512 	ld	c, l
    000001E9 44               [ 4]  513 	ld	b, h
    000001EA CDr00r00         [24]  514 	call	_rand
    000001ED 7B               [ 4]  515 	ld	a, e
    000001EE CB 37            [ 8]  516 	swap	a
    000001F0 E6 0F            [ 8]  517 	and	a, #0x0f
    000001F2 C5               [16]  518 	push	bc
    000001F3 1E 05            [ 8]  519 	ld	e, #0x05
    000001F5 CDr00r00         [24]  520 	call	__moduchar
    000001F8 79               [ 4]  521 	ld	a, c
    000001F9 CDr3Ar02         [24]  522 	call	_GetSprite
    000001FC C1               [12]  523 	pop	bc
    000001FD F8 07            [12]  524 	ldhl	sp,	#7
    000001FF 5E               [ 8]  525 	ld	e, (hl)
                                    526 ;enemies.c:248: set_sprite_tile(ptrEnemy->nSpriteID, 32);
    00000200 2B               [ 8]  527 	dec	hl
    00000201 2B               [ 8]  528 	dec	hl
    00000202 2B               [ 8]  529 	dec	hl
    00000203 83               [ 4]  530 	add	a, e
    00000204 02               [ 8]  531 	ld	(bc), a
    00000205 2A               [ 8]  532 	ld	a, (hl+)
    00000206 5F               [ 4]  533 	ld	e, a
    00000207 56               [ 8]  534 	ld	d, (hl)
    00000208 1A               [ 8]  535 	ld	a, (de)
    00000209 4F               [ 4]  536 	ld	c, a
                                    537 ;c:\gbdk2020\include\gb\gb.h:1887: shadow_OAM[nb].tile=tile;
    0000020A 11r00r00         [12]  538 	ld	de, #_shadow_OAM+0
    0000020D AF               [ 4]  539 	xor	a, a
    0000020E 69               [ 4]  540 	ld	l, c
    0000020F 67               [ 4]  541 	ld	h, a
    00000210 29               [ 8]  542 	add	hl, hl
    00000211 29               [ 8]  543 	add	hl, hl
    00000212 19               [ 8]  544 	add	hl, de
    00000213 23               [ 8]  545 	inc	hl
    00000214 23               [ 8]  546 	inc	hl
    00000215 36 20            [12]  547 	ld	(hl), #0x20
                                    548 ;enemies.c:251: move_sprite(ptrEnemy->nSpriteID, ptrEnemy->nX, ptrEnemy->nY);
    00000217 F8 02            [12]  549 	ldhl	sp,#2
    00000219 2A               [ 8]  550 	ld	a, (hl+)
    0000021A 5F               [ 4]  551 	ld	e, a
    0000021B 2A               [ 8]  552 	ld	a, (hl+)
    0000021C 57               [ 4]  553 	ld	d, a
    0000021D 1A               [ 8]  554 	ld	a, (de)
    0000021E 47               [ 4]  555 	ld	b, a
    0000021F D1               [12]  556 	pop	de
    00000220 D5               [16]  557 	push	de
    00000221 1A               [ 8]  558 	ld	a, (de)
    00000222 4F               [ 4]  559 	ld	c, a
    00000223 2A               [ 8]  560 	ld	a, (hl+)
    00000224 5F               [ 4]  561 	ld	e, a
    00000225 2A               [ 8]  562 	ld	a, (hl+)
    00000226 57               [ 4]  563 	ld	d, a
    00000227 1A               [ 8]  564 	ld	a, (de)
    00000228 77               [ 8]  565 	ld	(hl), a
                                    566 ;c:\gbdk2020\include\gb\gb.h:1973: OAM_item_t * itm = &shadow_OAM[nb];
    00000229 5E               [ 8]  567 	ld	e, (hl)
    0000022A 16 00            [ 8]  568 	ld	d, #0x00
    0000022C 6B               [ 4]  569 	ld	l, e
    0000022D 62               [ 4]  570 	ld	h, d
    0000022E 29               [ 8]  571 	add	hl, hl
    0000022F 29               [ 8]  572 	add	hl, hl
    00000230 11r00r00         [12]  573 	ld	de, #_shadow_OAM
    00000233 19               [ 8]  574 	add	hl, de
                                    575 ;c:\gbdk2020\include\gb\gb.h:1974: itm->y=y, itm->x=x;
    00000234 70               [ 8]  576 	ld	(hl), b
    00000235 23               [ 8]  577 	inc	hl
    00000236 71               [ 8]  578 	ld	(hl), c
                                    579 ;enemies.c:251: move_sprite(ptrEnemy->nSpriteID, ptrEnemy->nX, ptrEnemy->nY);
                                    580 ;enemies.c:252: }
    00000237 E8 08            [16]  581 	add	sp, #8
    00000239 C9               [16]  582 	ret
                                    583 ;enemies.c:264: INT8 GetSprite(INT8 nRandNumber)
                                    584 ;	---------------------------------
                                    585 ; Function GetSprite
                                    586 ; ---------------------------------
    0000023A                        587 _GetSprite::
                                    588 ;enemies.c:268: switch (nRandNumber)
    0000023A B7               [ 4]  589 	or	a, a
    0000023B 28 12            [12]  590 	jr	Z, 00101$
    0000023D FE 01            [ 8]  591 	cp	a, #0x01
    0000023F 28 11            [12]  592 	jr	Z, 00102$
    00000241 FE 02            [ 8]  593 	cp	a, #0x02
    00000243 28 10            [12]  594 	jr	Z, 00103$
    00000245 FE 03            [ 8]  595 	cp	a, #0x03
    00000247 28 0F            [12]  596 	jr	Z, 00104$
    00000249 D6 04            [ 8]  597 	sub	a, #0x04
    0000024B 28 0E            [12]  598 	jr	Z, 00105$
    0000024D 18 0F            [12]  599 	jr	00106$
                                    600 ;enemies.c:270: case 0:
    0000024F                        601 00101$:
                                    602 ;enemies.c:271: return 47;
    0000024F 3E 2F            [ 8]  603 	ld	a, #0x2f
    00000251 C9               [16]  604 	ret
                                    605 ;enemies.c:273: case 1:
    00000252                        606 00102$:
                                    607 ;enemies.c:274: return 55;
    00000252 3E 37            [ 8]  608 	ld	a, #0x37
    00000254 C9               [16]  609 	ret
                                    610 ;enemies.c:276: case 2:
    00000255                        611 00103$:
                                    612 ;enemies.c:277: return 63;
    00000255 3E 3F            [ 8]  613 	ld	a, #0x3f
    00000257 C9               [16]  614 	ret
                                    615 ;enemies.c:279: case 3:
    00000258                        616 00104$:
                                    617 ;enemies.c:280: return 71;
    00000258 3E 47            [ 8]  618 	ld	a, #0x47
    0000025A C9               [16]  619 	ret
                                    620 ;enemies.c:282: case 4:
    0000025B                        621 00105$:
                                    622 ;enemies.c:283: return 79;
    0000025B 3E 4F            [ 8]  623 	ld	a, #0x4f
    0000025D C9               [16]  624 	ret
                                    625 ;enemies.c:286: default:
    0000025E                        626 00106$:
                                    627 ;enemies.c:287: return 47;
    0000025E 3E 2F            [ 8]  628 	ld	a, #0x2f
                                    629 ;enemies.c:289: }
                                    630 ;enemies.c:290: }
    00000260 C9               [16]  631 	ret
                                    632 ;enemies.c:299: void UpdateEnemy(UINT8 nEnemyIndex, Player* ptrPlayer) 
                                    633 ;	---------------------------------
                                    634 ; Function UpdateEnemy
                                    635 ; ---------------------------------
    00000261                        636 _UpdateEnemy::
    00000261 E8 F1            [16]  637 	add	sp, #-15
    00000263 4F               [ 4]  638 	ld	c, a
    00000264 F8 0D            [12]  639 	ldhl	sp,	#13
    00000266 7B               [ 4]  640 	ld	a, e
    00000267 22               [ 8]  641 	ld	(hl+), a
    00000268 72               [ 8]  642 	ld	(hl), d
                                    643 ;enemies.c:302: Enemy* ptrEnemy = &m_aoEnemies[nEnemyIndex];
    00000269 06 00            [ 8]  644 	ld	b, #0x00
    0000026B 69               [ 4]  645 	ld	l, c
    0000026C 60               [ 4]  646 	ld	h, b
    0000026D 29               [ 8]  647 	add	hl, hl
    0000026E 09               [ 8]  648 	add	hl, bc
    0000026F 29               [ 8]  649 	add	hl, hl
    00000270 29               [ 8]  650 	add	hl, hl
    00000271 09               [ 8]  651 	add	hl, bc
    00000272 3Er00            [ 8]  652 	ld	a, #<(_m_aoEnemies)
    00000274 85               [ 4]  653 	add	a, l
    00000275 4F               [ 4]  654 	ld	c, a
    00000276 3Es00            [ 8]  655 	ld	a, #>(_m_aoEnemies)
    00000278 8C               [ 4]  656 	adc	a, h
    00000279 F8 00            [12]  657 	ldhl	sp,	#0
    0000027B 71               [ 8]  658 	ld	(hl), c
    0000027C 23               [ 8]  659 	inc	hl
    0000027D 77               [ 8]  660 	ld	(hl), a
                                    661 ;enemies.c:305: if (!ptrEnemy->bAlive) return;
    0000027E E1               [12]  662 	pop	hl
    0000027F E5               [16]  663 	push	hl
    00000280 23               [ 8]  664 	inc	hl
    00000281 23               [ 8]  665 	inc	hl
    00000282 23               [ 8]  666 	inc	hl
    00000283 4E               [ 8]  667 	ld	c, (hl)
    00000284 79               [ 4]  668 	ld	a, c
    00000285 B7               [ 4]  669 	or	a, a
    00000286 CAr9Br04         [16]  670 	jp	Z, 00133$
                                    671 ;enemies.c:308: if (!ptrEnemy->bCantMove) 
    00000289 D1               [12]  672 	pop	de
    0000028A D5               [16]  673 	push	de
    0000028B 21 06 00         [12]  674 	ld	hl, #0x0006
    0000028E 19               [ 8]  675 	add	hl, de
    0000028F E5               [16]  676 	push	hl
    00000290 7D               [ 4]  677 	ld	a, l
    00000291 F8 04            [12]  678 	ldhl	sp,	#4
    00000293 77               [ 8]  679 	ld	(hl), a
    00000294 E1               [12]  680 	pop	hl
    00000295 7C               [ 4]  681 	ld	a, h
    00000296 F8 03            [12]  682 	ldhl	sp,	#3
    00000298 32               [ 8]  683 	ld	(hl-), a
    00000299 2A               [ 8]  684 	ld	a, (hl+)
    0000029A 5F               [ 4]  685 	ld	e, a
    0000029B 56               [ 8]  686 	ld	d, (hl)
    0000029C 1A               [ 8]  687 	ld	a, (de)
    0000029D B7               [ 4]  688 	or	a, a
    0000029E C2rEBr03         [16]  689 	jp	NZ, 00120$
                                    690 ;enemies.c:311: ptrEnemy->nSubPixelX += m_nCurrentSpeed;
    000002A1 D1               [12]  691 	pop	de
    000002A2 D5               [16]  692 	push	de
    000002A3 21 09 00         [12]  693 	ld	hl, #0x0009
    000002A6 19               [ 8]  694 	add	hl, de
    000002A7 E5               [16]  695 	push	hl
    000002A8 7D               [ 4]  696 	ld	a, l
    000002A9 F8 06            [12]  697 	ldhl	sp,	#6
    000002AB 77               [ 8]  698 	ld	(hl), a
    000002AC E1               [12]  699 	pop	hl
    000002AD 7C               [ 4]  700 	ld	a, h
    000002AE F8 05            [12]  701 	ldhl	sp,	#5
    000002B0 32               [ 8]  702 	ld	(hl-), a
    000002B1 2A               [ 8]  703 	ld	a, (hl+)
    000002B2 5F               [ 4]  704 	ld	e, a
    000002B3 56               [ 8]  705 	ld	d, (hl)
    000002B4 1A               [ 8]  706 	ld	a, (de)
    000002B5 21r02r00         [12]  707 	ld	hl, #_m_nCurrentSpeed
    000002B8 86               [ 8]  708 	add	a, (hl)
    000002B9 F8 04            [12]  709 	ldhl	sp,	#4
    000002BB 5E               [ 8]  710 	ld	e, (hl)
    000002BC 23               [ 8]  711 	inc	hl
    000002BD 66               [ 8]  712 	ld	h, (hl)
    000002BE 6B               [ 4]  713 	ld	l, e
    000002BF 77               [ 8]  714 	ld	(hl), a
                                    715 ;enemies.c:312: ptrEnemy->nSubPixelY += m_nCurrentSpeed;
    000002C0 D1               [12]  716 	pop	de
    000002C1 D5               [16]  717 	push	de
    000002C2 21 0A 00         [12]  718 	ld	hl, #0x000a
    000002C5 19               [ 8]  719 	add	hl, de
    000002C6 E5               [16]  720 	push	hl
    000002C7 7D               [ 4]  721 	ld	a, l
    000002C8 F8 08            [12]  722 	ldhl	sp,	#8
    000002CA 77               [ 8]  723 	ld	(hl), a
    000002CB E1               [12]  724 	pop	hl
    000002CC 7C               [ 4]  725 	ld	a, h
    000002CD F8 07            [12]  726 	ldhl	sp,	#7
    000002CF 32               [ 8]  727 	ld	(hl-), a
    000002D0 2A               [ 8]  728 	ld	a, (hl+)
    000002D1 5F               [ 4]  729 	ld	e, a
    000002D2 56               [ 8]  730 	ld	d, (hl)
    000002D3 1A               [ 8]  731 	ld	a, (de)
    000002D4 21r02r00         [12]  732 	ld	hl, #_m_nCurrentSpeed
    000002D7 86               [ 8]  733 	add	a, (hl)
    000002D8 F8 06            [12]  734 	ldhl	sp,	#6
    000002DA 5E               [ 8]  735 	ld	e, (hl)
    000002DB 23               [ 8]  736 	inc	hl
    000002DC 66               [ 8]  737 	ld	h, (hl)
    000002DD 6B               [ 4]  738 	ld	l, e
    000002DE 77               [ 8]  739 	ld	(hl), a
                                    740 ;enemies.c:314: if (ptrEnemy->nSubPixelX >= 16) 
    000002DF F8 04            [12]  741 	ldhl	sp,#4
    000002E1 2A               [ 8]  742 	ld	a, (hl+)
    000002E2 5F               [ 4]  743 	ld	e, a
    000002E3 56               [ 8]  744 	ld	d, (hl)
    000002E4 1A               [ 8]  745 	ld	a, (de)
    000002E5 4F               [ 4]  746 	ld	c, a
                                    747 ;enemies.c:316: ptrEnemy->nX += ptrEnemy->nDirX;
    000002E6 F8 00            [12]  748 	ldhl	sp,	#0
    000002E8 7E               [ 8]  749 	ld	a, (hl)
    000002E9 F8 08            [12]  750 	ldhl	sp,	#8
    000002EB 77               [ 8]  751 	ld	(hl), a
    000002EC F8 01            [12]  752 	ldhl	sp,	#1
    000002EE 7E               [ 8]  753 	ld	a, (hl)
    000002EF F8 09            [12]  754 	ldhl	sp,	#9
    000002F1 77               [ 8]  755 	ld	(hl), a
                                    756 ;enemies.c:314: if (ptrEnemy->nSubPixelX >= 16) 
    000002F2 79               [ 4]  757 	ld	a, c
    000002F3 D6 10            [ 8]  758 	sub	a, #0x10
    000002F5 38 34            [12]  759 	jr	C, 00104$
                                    760 ;enemies.c:316: ptrEnemy->nX += ptrEnemy->nDirX;
    000002F7 2B               [ 8]  761 	dec	hl
    000002F8 2A               [ 8]  762 	ld	a, (hl+)
    000002F9 5F               [ 4]  763 	ld	e, a
    000002FA 2A               [ 8]  764 	ld	a, (hl+)
    000002FB 57               [ 4]  765 	ld	d, a
    000002FC 1A               [ 8]  766 	ld	a, (de)
    000002FD 77               [ 8]  767 	ld	(hl), a
    000002FE D1               [12]  768 	pop	de
    000002FF D5               [16]  769 	push	de
    00000300 21 04 00         [12]  770 	ld	hl, #0x0004
    00000303 19               [ 8]  771 	add	hl, de
    00000304 E5               [16]  772 	push	hl
    00000305 7D               [ 4]  773 	ld	a, l
    00000306 F8 0D            [12]  774 	ldhl	sp,	#13
    00000308 77               [ 8]  775 	ld	(hl), a
    00000309 E1               [12]  776 	pop	hl
    0000030A 7C               [ 4]  777 	ld	a, h
    0000030B F8 0C            [12]  778 	ldhl	sp,	#12
    0000030D 32               [ 8]  779 	ld	(hl-), a
    0000030E 2A               [ 8]  780 	ld	a, (hl+)
    0000030F 5F               [ 4]  781 	ld	e, a
    00000310 3A               [ 8]  782 	ld	a, (hl-)
    00000311 2B               [ 8]  783 	dec	hl
    00000312 57               [ 4]  784 	ld	d, a
    00000313 1A               [ 8]  785 	ld	a, (de)
    00000314 4E               [ 8]  786 	ld	c, (hl)
    00000315 2B               [ 8]  787 	dec	hl
    00000316 2B               [ 8]  788 	dec	hl
    00000317 81               [ 4]  789 	add	a, c
    00000318 5E               [ 8]  790 	ld	e, (hl)
    00000319 23               [ 8]  791 	inc	hl
    0000031A 66               [ 8]  792 	ld	h, (hl)
    0000031B 6B               [ 4]  793 	ld	l, e
    0000031C 77               [ 8]  794 	ld	(hl), a
                                    795 ;enemies.c:317: ptrEnemy->nSubPixelX -= 16;
    0000031D F8 04            [12]  796 	ldhl	sp,#4
    0000031F 2A               [ 8]  797 	ld	a, (hl+)
    00000320 5F               [ 4]  798 	ld	e, a
    00000321 3A               [ 8]  799 	ld	a, (hl-)
    00000322 57               [ 4]  800 	ld	d, a
    00000323 1A               [ 8]  801 	ld	a, (de)
    00000324 C6 F0            [ 8]  802 	add	a, #0xf0
    00000326 5E               [ 8]  803 	ld	e, (hl)
    00000327 23               [ 8]  804 	inc	hl
    00000328 66               [ 8]  805 	ld	h, (hl)
    00000329 6B               [ 4]  806 	ld	l, e
    0000032A 77               [ 8]  807 	ld	(hl), a
    0000032B                        808 00104$:
                                    809 ;enemies.c:319: if (ptrEnemy->nSubPixelY >= 16) 
    0000032B F8 06            [12]  810 	ldhl	sp,#6
    0000032D 2A               [ 8]  811 	ld	a, (hl+)
    0000032E 5F               [ 4]  812 	ld	e, a
    0000032F 56               [ 8]  813 	ld	d, (hl)
    00000330 1A               [ 8]  814 	ld	a, (de)
    00000331 4F               [ 4]  815 	ld	c, a
                                    816 ;enemies.c:321: ptrEnemy->nY += ptrEnemy->nDirY;
    00000332 D1               [12]  817 	pop	de
    00000333 D5               [16]  818 	push	de
    00000334 6B               [ 4]  819 	ld	l, e
    00000335 62               [ 4]  820 	ld	h, d
    00000336 23               [ 8]  821 	inc	hl
    00000337 E5               [16]  822 	push	hl
    00000338 7D               [ 4]  823 	ld	a, l
    00000339 F8 0D            [12]  824 	ldhl	sp,	#13
    0000033B 77               [ 8]  825 	ld	(hl), a
    0000033C E1               [12]  826 	pop	hl
    0000033D 7C               [ 4]  827 	ld	a, h
    0000033E F8 0C            [12]  828 	ldhl	sp,	#12
    00000340 77               [ 8]  829 	ld	(hl), a
                                    830 ;enemies.c:319: if (ptrEnemy->nSubPixelY >= 16) 
    00000341 79               [ 4]  831 	ld	a, c
    00000342 D6 10            [ 8]  832 	sub	a, #0x10
    00000344 38 25            [12]  833 	jr	C, 00106$
                                    834 ;enemies.c:321: ptrEnemy->nY += ptrEnemy->nDirY;
    00000346 2B               [ 8]  835 	dec	hl
    00000347 2A               [ 8]  836 	ld	a, (hl+)
    00000348 5F               [ 4]  837 	ld	e, a
    00000349 56               [ 8]  838 	ld	d, (hl)
    0000034A 1A               [ 8]  839 	ld	a, (de)
    0000034B 4F               [ 4]  840 	ld	c, a
    0000034C D1               [12]  841 	pop	de
    0000034D D5               [16]  842 	push	de
    0000034E 21 05 00         [12]  843 	ld	hl, #0x0005
    00000351 19               [ 8]  844 	add	hl, de
    00000352 5D               [ 4]  845 	ld	e, l
    00000353 54               [ 4]  846 	ld	d, h
    00000354 1A               [ 8]  847 	ld	a, (de)
    00000355 81               [ 4]  848 	add	a, c
    00000356 F8 0B            [12]  849 	ldhl	sp,	#11
    00000358 5E               [ 8]  850 	ld	e, (hl)
    00000359 23               [ 8]  851 	inc	hl
    0000035A 66               [ 8]  852 	ld	h, (hl)
    0000035B 6B               [ 4]  853 	ld	l, e
    0000035C 77               [ 8]  854 	ld	(hl), a
                                    855 ;enemies.c:322: ptrEnemy->nSubPixelY -= 16;
    0000035D F8 06            [12]  856 	ldhl	sp,#6
    0000035F 2A               [ 8]  857 	ld	a, (hl+)
    00000360 5F               [ 4]  858 	ld	e, a
    00000361 3A               [ 8]  859 	ld	a, (hl-)
    00000362 57               [ 4]  860 	ld	d, a
    00000363 1A               [ 8]  861 	ld	a, (de)
    00000364 C6 F0            [ 8]  862 	add	a, #0xf0
    00000366 5E               [ 8]  863 	ld	e, (hl)
    00000367 23               [ 8]  864 	inc	hl
    00000368 66               [ 8]  865 	ld	h, (hl)
    00000369 6B               [ 4]  866 	ld	l, e
    0000036A 77               [ 8]  867 	ld	(hl), a
    0000036B                        868 00106$:
                                    869 ;enemies.c:326: if (!ptrEnemy->bMainSpriteSet)
    0000036B D1               [12]  870 	pop	de
    0000036C D5               [16]  871 	push	de
    0000036D 21 0C 00         [12]  872 	ld	hl, #0x000c
    00000370 19               [ 8]  873 	add	hl, de
    00000371 E5               [16]  874 	push	hl
    00000372 7D               [ 4]  875 	ld	a, l
    00000373 F8 08            [12]  876 	ldhl	sp,	#8
    00000375 77               [ 8]  877 	ld	(hl), a
    00000376 E1               [12]  878 	pop	hl
    00000377 7C               [ 4]  879 	ld	a, h
    00000378 F8 07            [12]  880 	ldhl	sp,	#7
    0000037A 32               [ 8]  881 	ld	(hl-), a
    0000037B 2A               [ 8]  882 	ld	a, (hl+)
    0000037C 5F               [ 4]  883 	ld	e, a
    0000037D 56               [ 8]  884 	ld	d, (hl)
    0000037E 1A               [ 8]  885 	ld	a, (de)
    0000037F B7               [ 4]  886 	or	a, a
    00000380 20 3C            [12]  887 	jr	NZ, 00113$
                                    888 ;enemies.c:329: if (ptrEnemy->nX >= 15 && ptrEnemy->nX <= 153 && ptrEnemy->nY >= 44 && ptrEnemy->nY <= 143) 
    00000382 23               [ 8]  889 	inc	hl
    00000383 2A               [ 8]  890 	ld	a, (hl+)
    00000384 5F               [ 4]  891 	ld	e, a
    00000385 56               [ 8]  892 	ld	d, (hl)
    00000386 1A               [ 8]  893 	ld	a, (de)
    00000387 FE 0F            [ 8]  894 	cp	a, #0x0f
    00000389 38 33            [12]  895 	jr	C, 00113$
    0000038B FE 9A            [ 8]  896 	cp	a, #0x9a
    0000038D 30 2F            [12]  897 	jr	NC, 00113$
    0000038F F8 0B            [12]  898 	ldhl	sp,#11
    00000391 2A               [ 8]  899 	ld	a, (hl+)
    00000392 5F               [ 4]  900 	ld	e, a
    00000393 56               [ 8]  901 	ld	d, (hl)
    00000394 1A               [ 8]  902 	ld	a, (de)
    00000395 FE 2C            [ 8]  903 	cp	a, #0x2c
    00000397 38 25            [12]  904 	jr	C, 00113$
    00000399 FE 90            [ 8]  905 	cp	a, #0x90
    0000039B 30 21            [12]  906 	jr	NC, 00113$
                                    907 ;enemies.c:332: ptrEnemy->bMainSpriteSet = TRUE;
    0000039D F8 06            [12]  908 	ldhl	sp,	#6
    0000039F 2A               [ 8]  909 	ld	a, (hl+)
    000003A0 66               [ 8]  910 	ld	h, (hl)
    000003A1 6F               [ 4]  911 	ld	l, a
    000003A2 36 01            [12]  912 	ld	(hl), #0x01
                                    913 ;enemies.c:335: set_sprite_tile(ptrEnemy->nSpriteID, ptrEnemy->nSpriteNumber);
    000003A4 D1               [12]  914 	pop	de
    000003A5 D5               [16]  915 	push	de
    000003A6 21 0B 00         [12]  916 	ld	hl, #0x000b
    000003A9 19               [ 8]  917 	add	hl, de
    000003AA 4D               [ 4]  918 	ld	c, l
    000003AB 44               [ 4]  919 	ld	b, h
    000003AC 0A               [ 8]  920 	ld	a, (bc)
    000003AD 4F               [ 4]  921 	ld	c, a
    000003AE E1               [12]  922 	pop	hl
    000003AF E5               [16]  923 	push	hl
    000003B0 23               [ 8]  924 	inc	hl
    000003B1 23               [ 8]  925 	inc	hl
                                    926 ;c:\gbdk2020\include\gb\gb.h:1887: shadow_OAM[nb].tile=tile;
    000003B2 6E               [ 8]  927 	ld	l, (hl)
    000003B3 11r00r00         [12]  928 	ld	de, #_shadow_OAM+0
    000003B6 26 00            [ 8]  929 	ld	h, #0x00
    000003B8 29               [ 8]  930 	add	hl, hl
    000003B9 29               [ 8]  931 	add	hl, hl
    000003BA 19               [ 8]  932 	add	hl, de
    000003BB 23               [ 8]  933 	inc	hl
    000003BC 23               [ 8]  934 	inc	hl
    000003BD 71               [ 8]  935 	ld	(hl), c
                                    936 ;enemies.c:335: set_sprite_tile(ptrEnemy->nSpriteID, ptrEnemy->nSpriteNumber);
    000003BE                        937 00113$:
                                    938 ;enemies.c:340: if (ptrEnemy->nX >= 76 && ptrEnemy->nX <= 86 && ptrEnemy->nY >= 74 && ptrEnemy->nY <= 84) 
    000003BE F8 00            [12]  939 	ldhl	sp,	#0
    000003C0 7E               [ 8]  940 	ld	a, (hl)
    000003C1 F8 0B            [12]  941 	ldhl	sp,	#11
    000003C3 77               [ 8]  942 	ld	(hl), a
    000003C4 F8 01            [12]  943 	ldhl	sp,	#1
    000003C6 7E               [ 8]  944 	ld	a, (hl)
    000003C7 F8 0C            [12]  945 	ldhl	sp,	#12
    000003C9 32               [ 8]  946 	ld	(hl-), a
    000003CA 2A               [ 8]  947 	ld	a, (hl+)
    000003CB 5F               [ 4]  948 	ld	e, a
    000003CC 56               [ 8]  949 	ld	d, (hl)
    000003CD 1A               [ 8]  950 	ld	a, (de)
                                    951 ;enemies.c:321: ptrEnemy->nY += ptrEnemy->nDirY;
    000003CE C1               [12]  952 	pop	bc
    000003CF C5               [16]  953 	push	bc
    000003D0 03               [ 8]  954 	inc	bc
                                    955 ;enemies.c:340: if (ptrEnemy->nX >= 76 && ptrEnemy->nX <= 86 && ptrEnemy->nY >= 74 && ptrEnemy->nY <= 84) 
    000003D1 FE 4C            [ 8]  956 	cp	a, #0x4c
    000003D3 38 42            [12]  957 	jr	C, 00121$
    000003D5 FE 57            [ 8]  958 	cp	a, #0x57
    000003D7 30 3E            [12]  959 	jr	NC, 00121$
    000003D9 0A               [ 8]  960 	ld	a, (bc)
    000003DA FE 4A            [ 8]  961 	cp	a, #0x4a
    000003DC 38 39            [12]  962 	jr	C, 00121$
    000003DE FE 55            [ 8]  963 	cp	a, #0x55
    000003E0 30 35            [12]  964 	jr	NC, 00121$
                                    965 ;enemies.c:344: ptrEnemy->bCantMove = TRUE;
    000003E2 F8 02            [12]  966 	ldhl	sp,	#2
    000003E4 2A               [ 8]  967 	ld	a, (hl+)
    000003E5 66               [ 8]  968 	ld	h, (hl)
    000003E6 6F               [ 4]  969 	ld	l, a
    000003E7 36 01            [12]  970 	ld	(hl), #0x01
    000003E9 18 2C            [12]  971 	jr	00121$
    000003EB                        972 00120$:
                                    973 ;enemies.c:354: ptrPlayer->bTakenDamage = TRUE;
    000003EB F8 0D            [12]  974 	ldhl	sp,#13
    000003ED 2A               [ 8]  975 	ld	a, (hl+)
    000003EE 5F               [ 4]  976 	ld	e, a
    000003EF 56               [ 8]  977 	ld	d, (hl)
    000003F0 21 18 00         [12]  978 	ld	hl, #0x0018
    000003F3 19               [ 8]  979 	add	hl, de
    000003F4 36 01            [12]  980 	ld	(hl), #0x01
                                    981 ;enemies.c:357: ptrPlayer->nTotalShotsTaken++;
    000003F6 F8 0D            [12]  982 	ldhl	sp,#13
    000003F8 2A               [ 8]  983 	ld	a, (hl+)
    000003F9 5F               [ 4]  984 	ld	e, a
    000003FA 56               [ 8]  985 	ld	d, (hl)
    000003FB 21 16 00         [12]  986 	ld	hl, #0x0016
    000003FE 19               [ 8]  987 	add	hl, de
    000003FF 4D               [ 4]  988 	ld	c,l
    00000400 44               [ 4]  989 	ld	b,h
    00000401 2A               [ 8]  990 	ld	a,	(hl+)
    00000402 66               [ 8]  991 	ld	h, (hl)
    00000403 6F               [ 4]  992 	ld	l, a
    00000404 23               [ 8]  993 	inc	hl
    00000405 7D               [ 4]  994 	ld	a, l
    00000406 02               [ 8]  995 	ld	(bc), a
    00000407 03               [ 8]  996 	inc	bc
    00000408 7C               [ 4]  997 	ld	a, h
    00000409 02               [ 8]  998 	ld	(bc), a
                                    999 ;enemies.c:360: KillEnemy(ptrEnemy, ptrPlayer);
    0000040A F8 0D            [12] 1000 	ldhl	sp,	#13
    0000040C 2A               [ 8] 1001 	ld	a, (hl+)
    0000040D 4F               [ 4] 1002 	ld	c, a
    0000040E 46               [ 8] 1003 	ld	b, (hl)
    0000040F D1               [12] 1004 	pop	de
    00000410 D5               [16] 1005 	push	de
    00000411 CDr9Er04         [24] 1006 	call	_KillEnemy
                                   1007 ;enemies.c:365: return;
    00000414 C3r9Br04         [16] 1008 	jp	00133$
    00000417                       1009 00121$:
                                   1010 ;enemies.c:369: if (!ptrEnemy->bCantMove)
    00000417 F8 02            [12] 1011 	ldhl	sp,#2
    00000419 2A               [ 8] 1012 	ld	a, (hl+)
    0000041A 5F               [ 4] 1013 	ld	e, a
    0000041B 56               [ 8] 1014 	ld	d, (hl)
    0000041C 1A               [ 8] 1015 	ld	a, (de)
                                   1016 ;enemies.c:340: if (ptrEnemy->nX >= 76 && ptrEnemy->nX <= 86 && ptrEnemy->nY >= 74 && ptrEnemy->nY <= 84) 
    0000041D F8 0B            [12] 1017 	ldhl	sp,#11
    0000041F 5E               [ 8] 1018 	ld	e, (hl)
    00000420 23               [ 8] 1019 	inc	hl
    00000421 56               [ 8] 1020 	ld	d, (hl)
    00000422 F5               [16] 1021 	push	af
    00000423 1A               [ 8] 1022 	ld	a, (de)
    00000424 77               [ 8] 1023 	ld	(hl), a
                                   1024 ;enemies.c:321: ptrEnemy->nY += ptrEnemy->nDirY;
    00000425 0A               [ 8] 1025 	ld	a, (bc)
    00000426 5F               [ 4] 1026 	ld	e, a
    00000427 F1               [12] 1027 	pop	af
                                   1028 ;enemies.c:369: if (!ptrEnemy->bCantMove)
    00000428 B7               [ 4] 1029 	or	a, a
    00000429 20 5A            [12] 1030 	jr	NZ, 00130$
                                   1031 ;enemies.c:373: if ((ptrEnemy->nIndex == ptrPlayer->nDirCheck))
    0000042B D5               [16] 1032 	push	de
    0000042C F8 02            [12] 1033 	ldhl	sp,#2
    0000042E 2A               [ 8] 1034 	ld	a, (hl+)
    0000042F 5F               [ 4] 1035 	ld	e, a
    00000430 56               [ 8] 1036 	ld	d, (hl)
    00000431 21 08 00         [12] 1037 	ld	hl, #0x0008
    00000434 19               [ 8] 1038 	add	hl, de
    00000435 D1               [12] 1039 	pop	de
    00000436 4D               [ 4] 1040 	ld	c, l
    00000437 44               [ 4] 1041 	ld	b, h
    00000438 0A               [ 8] 1042 	ld	a, (bc)
    00000439 57               [ 4] 1043 	ld	d, a
    0000043A D5               [16] 1044 	push	de
    0000043B F8 0F            [12] 1045 	ldhl	sp,#15
    0000043D 2A               [ 8] 1046 	ld	a, (hl+)
    0000043E 5F               [ 4] 1047 	ld	e, a
    0000043F 56               [ 8] 1048 	ld	d, (hl)
    00000440 21 13 00         [12] 1049 	ld	hl, #0x0013
    00000443 19               [ 8] 1050 	add	hl, de
    00000444 D1               [12] 1051 	pop	de
    00000445 4D               [ 4] 1052 	ld	c, l
    00000446 44               [ 4] 1053 	ld	b, h
    00000447 0A               [ 8] 1054 	ld	a, (bc)
    00000448 92               [ 4] 1055 	sub	a, d
    00000449 20 3A            [12] 1056 	jr	NZ, 00130$
                                   1057 ;enemies.c:376: if (ptrEnemy->nX >= 62 && ptrEnemy->nX <= 100 && ptrEnemy->nY >= 60 && ptrEnemy->nY <= 100) 
    0000044B F8 0C            [12] 1058 	ldhl	sp,	#12
    0000044D 7E               [ 8] 1059 	ld	a, (hl)
    0000044E D6 3E            [ 8] 1060 	sub	a, #0x3e
    00000450 38 33            [12] 1061 	jr	C, 00130$
    00000452 3E 64            [ 8] 1062 	ld	a, #0x64
    00000454 96               [ 8] 1063 	sub	a, (hl)
    00000455 38 2E            [12] 1064 	jr	C, 00130$
    00000457 7B               [ 4] 1065 	ld	a, e
    00000458 D6 3C            [ 8] 1066 	sub	a, #0x3c
    0000045A 38 29            [12] 1067 	jr	C, 00130$
    0000045C 3E 64            [ 8] 1068 	ld	a, #0x64
    0000045E 93               [ 4] 1069 	sub	a, e
    0000045F 38 24            [12] 1070 	jr	C, 00130$
                                   1071 ;enemies.c:379: ptrPlayer->nTotalShotsTaken++;
    00000461 23               [ 8] 1072 	inc	hl
    00000462 2A               [ 8] 1073 	ld	a, (hl+)
    00000463 5F               [ 4] 1074 	ld	e, a
    00000464 56               [ 8] 1075 	ld	d, (hl)
    00000465 21 16 00         [12] 1076 	ld	hl, #0x0016
    00000468 19               [ 8] 1077 	add	hl, de
    00000469 4D               [ 4] 1078 	ld	c,l
    0000046A 44               [ 4] 1079 	ld	b,h
    0000046B 2A               [ 8] 1080 	ld	a,	(hl+)
    0000046C 66               [ 8] 1081 	ld	h, (hl)
    0000046D 6F               [ 4] 1082 	ld	l, a
    0000046E 23               [ 8] 1083 	inc	hl
    0000046F 7D               [ 4] 1084 	ld	a, l
    00000470 02               [ 8] 1085 	ld	(bc), a
    00000471 03               [ 8] 1086 	inc	bc
    00000472 7C               [ 4] 1087 	ld	a, h
    00000473 02               [ 8] 1088 	ld	(bc), a
                                   1089 ;enemies.c:382: KillEnemy(ptrEnemy, ptrPlayer);
    00000474 F8 0D            [12] 1090 	ldhl	sp,	#13
    00000476 2A               [ 8] 1091 	ld	a, (hl+)
    00000477 4F               [ 4] 1092 	ld	c, a
    00000478 46               [ 8] 1093 	ld	b, (hl)
    00000479 D1               [12] 1094 	pop	de
    0000047A D5               [16] 1095 	push	de
    0000047B CDr9Er04         [24] 1096 	call	_KillEnemy
                                   1097 ;enemies.c:385: m_bShowSpray = TRUE;
    0000047E 21r10r00         [12] 1098 	ld	hl, #_m_bShowSpray
    00000481 36 01            [12] 1099 	ld	(hl), #0x01
                                   1100 ;enemies.c:390: return;
    00000483 18 16            [12] 1101 	jr	00133$
    00000485                       1102 00130$:
                                   1103 ;enemies.c:396: move_sprite(ptrEnemy->nSpriteID, ptrEnemy->nX, ptrEnemy->nY);
    00000485 F8 0C            [12] 1104 	ldhl	sp,	#12
    00000487 4E               [ 8] 1105 	ld	c, (hl)
    00000488 E1               [12] 1106 	pop	hl
    00000489 E5               [16] 1107 	push	hl
    0000048A 23               [ 8] 1108 	inc	hl
    0000048B 23               [ 8] 1109 	inc	hl
    0000048C 46               [ 8] 1110 	ld	b, (hl)
                                   1111 ;c:\gbdk2020\include\gb\gb.h:1973: OAM_item_t * itm = &shadow_OAM[nb];
    0000048D 68               [ 4] 1112 	ld	l, b
    0000048E AF               [ 4] 1113 	xor	a, a
    0000048F 67               [ 4] 1114 	ld	h, a
    00000490 29               [ 8] 1115 	add	hl, hl
    00000491 29               [ 8] 1116 	add	hl, hl
    00000492 D5               [16] 1117 	push	de
    00000493 11r00r00         [12] 1118 	ld	de, #_shadow_OAM
    00000496 19               [ 8] 1119 	add	hl, de
    00000497 D1               [12] 1120 	pop	de
                                   1121 ;c:\gbdk2020\include\gb\gb.h:1974: itm->y=y, itm->x=x;
    00000498 7B               [ 4] 1122 	ld	a, e
    00000499 22               [ 8] 1123 	ld	(hl+), a
    0000049A 71               [ 8] 1124 	ld	(hl), c
                                   1125 ;enemies.c:396: move_sprite(ptrEnemy->nSpriteID, ptrEnemy->nX, ptrEnemy->nY);
    0000049B                       1126 00133$:
                                   1127 ;enemies.c:397: }
    0000049B E8 0F            [16] 1128 	add	sp, #15
    0000049D C9               [16] 1129 	ret
                                   1130 ;enemies.c:406: void KillEnemy(Enemy* ptrEnemy, Player* ptrPlayer)
                                   1131 ;	---------------------------------
                                   1132 ; Function KillEnemy
                                   1133 ; ---------------------------------
    0000049E                       1134 _KillEnemy::
    0000049E C5               [16] 1135 	push	bc
                                   1136 ;enemies.c:409: ptrEnemy->bAlive = FALSE;
    0000049F 6B               [ 4] 1137 	ld	l, e
    000004A0 62               [ 4] 1138 	ld	h, d
    000004A1 23               [ 8] 1139 	inc	hl
    000004A2 23               [ 8] 1140 	inc	hl
    000004A3 23               [ 8] 1141 	inc	hl
    000004A4 36 00            [12] 1142 	ld	(hl), #0x00
                                   1143 ;enemies.c:412: set_sprite_tile(ptrEnemy->nSpriteID, 0);
    000004A6 13               [ 8] 1144 	inc	de
    000004A7 13               [ 8] 1145 	inc	de
    000004A8 1A               [ 8] 1146 	ld	a, (de)
    000004A9 4F               [ 4] 1147 	ld	c, a
                                   1148 ;c:\gbdk2020\include\gb\gb.h:1887: shadow_OAM[nb].tile=tile;
    000004AA AF               [ 4] 1149 	xor	a, a
    000004AB 69               [ 4] 1150 	ld	l, c
    000004AC 67               [ 4] 1151 	ld	h, a
    000004AD 29               [ 8] 1152 	add	hl, hl
    000004AE 29               [ 8] 1153 	add	hl, hl
    000004AF 01r00r00         [12] 1154 	ld	bc, #_shadow_OAM
    000004B2 09               [ 8] 1155 	add	hl, bc
    000004B3 23               [ 8] 1156 	inc	hl
    000004B4 23               [ 8] 1157 	inc	hl
    000004B5 36 00            [12] 1158 	ld	(hl), #0x00
                                   1159 ;enemies.c:413: move_sprite(ptrEnemy->nSpriteID, 0, 0);
    000004B7 1A               [ 8] 1160 	ld	a, (de)
    000004B8 5F               [ 4] 1161 	ld	e, a
                                   1162 ;c:\gbdk2020\include\gb\gb.h:1973: OAM_item_t * itm = &shadow_OAM[nb];
    000004B9 01r00r00         [12] 1163 	ld	bc, #_shadow_OAM+0
    000004BC AF               [ 4] 1164 	xor	a, a
    000004BD 6B               [ 4] 1165 	ld	l, e
    000004BE 67               [ 4] 1166 	ld	h, a
    000004BF 29               [ 8] 1167 	add	hl, hl
    000004C0 29               [ 8] 1168 	add	hl, hl
    000004C1 09               [ 8] 1169 	add	hl, bc
                                   1170 ;c:\gbdk2020\include\gb\gb.h:1974: itm->y=y, itm->x=x;
    000004C2 AF               [ 4] 1171 	xor	a, a
    000004C3 22               [ 8] 1172 	ld	(hl+), a
    000004C4 77               [ 8] 1173 	ld	(hl), a
                                   1174 ;enemies.c:416: ptrPlayer->nScore += 1;
    000004C5 D1               [12] 1175 	pop	de
    000004C6 D5               [16] 1176 	push	de
    000004C7 21 14 00         [12] 1177 	ld	hl, #0x0014
    000004CA 19               [ 8] 1178 	add	hl, de
    000004CB 4D               [ 4] 1179 	ld	c,l
    000004CC 44               [ 4] 1180 	ld	b,h
    000004CD 2A               [ 8] 1181 	ld	a,	(hl+)
    000004CE 66               [ 8] 1182 	ld	h, (hl)
    000004CF 6F               [ 4] 1183 	ld	l, a
    000004D0 23               [ 8] 1184 	inc	hl
    000004D1 7D               [ 4] 1185 	ld	a, l
    000004D2 02               [ 8] 1186 	ld	(bc), a
    000004D3 03               [ 8] 1187 	inc	bc
    000004D4 7C               [ 4] 1188 	ld	a, h
    000004D5 02               [ 8] 1189 	ld	(bc), a
                                   1190 ;enemies.c:417: m_nTotalKilled += 1;
    000004D6 21r03r00         [12] 1191 	ld	hl, #_m_nTotalKilled
    000004D9 34               [12] 1192 	inc	(hl)
    000004DA 20 02            [12] 1193 	jr	NZ, 00105$
    000004DC 23               [ 8] 1194 	inc	hl
    000004DD 34               [12] 1195 	inc	(hl)
    000004DE                       1196 00105$:
                                   1197 ;enemies.c:420: m_bPlayKillSoundEffect = TRUE;
    000004DE 21r0Fr00         [12] 1198 	ld	hl, #_m_bPlayKillSoundEffect
    000004E1 36 01            [12] 1199 	ld	(hl), #0x01
                                   1200 ;enemies.c:421: }
    000004E3 33               [ 8] 1201 	inc	sp
    000004E4 33               [ 8] 1202 	inc	sp
    000004E5 C9               [16] 1203 	ret
                                   1204 ;enemies.c:429: void IncreaseDifficulty(UINT8 nDamgeToPlayer)
                                   1205 ;	---------------------------------
                                   1206 ; Function IncreaseDifficulty
                                   1207 ; ---------------------------------
    000004E6                       1208 _IncreaseDifficulty::
                                   1209 ;enemies.c:432: if (!m_bMaxSpeedReached)
    000004E6 FAr09r00         [16] 1210 	ld	a, (#_m_bMaxSpeedReached)
    000004E9 B7               [ 4] 1211 	or	a, a
    000004EA 20 6E            [12] 1212 	jr	NZ, 00118$
                                   1213 ;enemies.c:436: if (m_nTotalKilled >= m_nKillsForNextSpeed) 
    000004EC 11r03r00         [12] 1214 	ld	de, #_m_nTotalKilled
    000004EF 21r05r00         [12] 1215 	ld	hl, #_m_nKillsForNextSpeed
    000004F2 1A               [ 8] 1216 	ld	a, (de)
    000004F3 13               [ 8] 1217 	inc	de
    000004F4 96               [ 8] 1218 	sub	a, (hl)
    000004F5 23               [ 8] 1219 	inc	hl
    000004F6 1A               [ 8] 1220 	ld	a, (de)
    000004F7 9E               [ 8] 1221 	sbc	a, (hl)
    000004F8 38 60            [12] 1222 	jr	C, 00118$
                                   1223 ;enemies.c:438: m_nCurrentSpeed++;
    000004FA 21r02r00         [12] 1224 	ld	hl, #_m_nCurrentSpeed
    000004FD 34               [12] 1225 	inc	(hl)
                                   1226 ;enemies.c:439: if (m_nCurrentSpeed == 2) m_nKillsForNextSpeed = 50;
    000004FE 7E               [ 8] 1227 	ld	a, (hl)
    000004FF D6 02            [ 8] 1228 	sub	a, #0x02
    00000501 20 0A            [12] 1229 	jr	NZ, 00111$
    00000503 21r05r00         [12] 1230 	ld	hl, #_m_nKillsForNextSpeed
    00000506 3E 32            [ 8] 1231 	ld	a, #0x32
    00000508 22               [ 8] 1232 	ld	(hl+), a
    00000509 AF               [ 4] 1233 	xor	a, a
    0000050A 77               [ 8] 1234 	ld	(hl), a
    0000050B 18 3E            [12] 1235 	jr	00112$
    0000050D                       1236 00111$:
                                   1237 ;enemies.c:440: else if (m_nCurrentSpeed == 3) m_nKillsForNextSpeed = 125;
    0000050D FAr02r00         [16] 1238 	ld	a, (#_m_nCurrentSpeed)
    00000510 D6 03            [ 8] 1239 	sub	a, #0x03
    00000512 20 0A            [12] 1240 	jr	NZ, 00108$
    00000514 21r05r00         [12] 1241 	ld	hl, #_m_nKillsForNextSpeed
    00000517 3E 7D            [ 8] 1242 	ld	a, #0x7d
    00000519 22               [ 8] 1243 	ld	(hl+), a
    0000051A AF               [ 4] 1244 	xor	a, a
    0000051B 77               [ 8] 1245 	ld	(hl), a
    0000051C 18 2D            [12] 1246 	jr	00112$
    0000051E                       1247 00108$:
                                   1248 ;enemies.c:441: else if (m_nCurrentSpeed == 4) m_nKillsForNextSpeed = 250;
    0000051E FAr02r00         [16] 1249 	ld	a, (#_m_nCurrentSpeed)
    00000521 D6 04            [ 8] 1250 	sub	a, #0x04
    00000523 20 0A            [12] 1251 	jr	NZ, 00105$
    00000525 21r05r00         [12] 1252 	ld	hl, #_m_nKillsForNextSpeed
    00000528 3E FA            [ 8] 1253 	ld	a, #0xfa
    0000052A 22               [ 8] 1254 	ld	(hl+), a
    0000052B AF               [ 4] 1255 	xor	a, a
    0000052C 77               [ 8] 1256 	ld	(hl), a
    0000052D 18 1C            [12] 1257 	jr	00112$
    0000052F                       1258 00105$:
                                   1259 ;enemies.c:442: else if (m_nCurrentSpeed == 5) m_nKillsForNextSpeed = 400;
    0000052F FAr02r00         [16] 1260 	ld	a, (#_m_nCurrentSpeed)
    00000532 D6 05            [ 8] 1261 	sub	a, #0x05
    00000534 20 0A            [12] 1262 	jr	NZ, 00102$
    00000536 21r05r00         [12] 1263 	ld	hl, #_m_nKillsForNextSpeed
    00000539 3E 90            [ 8] 1264 	ld	a, #0x90
    0000053B 22               [ 8] 1265 	ld	(hl+), a
    0000053C 36 01            [12] 1266 	ld	(hl), #0x01
    0000053E 18 0B            [12] 1267 	jr	00112$
    00000540                       1268 00102$:
                                   1269 ;enemies.c:443: else m_nKillsForNextSpeed += 150;  // Gradual increase after
    00000540 21r05r00         [12] 1270 	ld	hl, #_m_nKillsForNextSpeed
    00000543 7E               [ 8] 1271 	ld	a, (hl)
    00000544 C6 96            [ 8] 1272 	add	a, #0x96
    00000546 22               [ 8] 1273 	ld	(hl+), a
    00000547 7E               [ 8] 1274 	ld	a, (hl)
    00000548 CE 00            [ 8] 1275 	adc	a, #0x00
    0000054A 77               [ 8] 1276 	ld	(hl), a
    0000054B                       1277 00112$:
                                   1278 ;enemies.c:446: if (m_nCurrentSpeed >= MAX_SPEED) 
    0000054B 21r02r00         [12] 1279 	ld	hl, #_m_nCurrentSpeed
    0000054E 7E               [ 8] 1280 	ld	a, (hl)
    0000054F D6 08            [ 8] 1281 	sub	a, #0x08
    00000551 38 07            [12] 1282 	jr	C, 00118$
                                   1283 ;enemies.c:450: m_nCurrentSpeed = MAX_SPEED;
    00000553 36 08            [12] 1284 	ld	(hl), #0x08
                                   1285 ;enemies.c:451: m_bMaxSpeedReached = TRUE;
    00000555 21r09r00         [12] 1286 	ld	hl, #_m_bMaxSpeedReached
    00000558 36 01            [12] 1287 	ld	(hl), #0x01
    0000055A                       1288 00118$:
                                   1289 ;enemies.c:457: if (!m_bMaxSpawnRateReached && m_nTotalKilled != 0 && m_nTotalKilled % m_nKillsForNextSpawnRate == 0)
    0000055A FAr0Ar00         [16] 1290 	ld	a, (#_m_bMaxSpawnRateReached)
    0000055D B7               [ 4] 1291 	or	a, a
    0000055E C0               [20] 1292 	ret	NZ
    0000055F 21r04r00         [12] 1293 	ld	hl, #_m_nTotalKilled + 1
    00000562 3A               [ 8] 1294 	ld	a, (hl-)
    00000563 B6               [ 8] 1295 	or	a, (hl)
    00000564 C8               [20] 1296 	ret	Z
    00000565 FAr07r00         [16] 1297 	ld	a, (_m_nKillsForNextSpawnRate)
    00000568 4F               [ 4] 1298 	ld	c, a
    00000569 21r08r00         [12] 1299 	ld	hl, #_m_nKillsForNextSpawnRate + 1
    0000056C 46               [ 8] 1300 	ld	b, (hl)
    0000056D FAr03r00         [16] 1301 	ld	a, (_m_nTotalKilled)
    00000570 5F               [ 4] 1302 	ld	e, a
    00000571 21r04r00         [12] 1303 	ld	hl, #_m_nTotalKilled + 1
    00000574 56               [ 8] 1304 	ld	d, (hl)
    00000575 CDr00r00         [24] 1305 	call	__moduint
    00000578 78               [ 4] 1306 	ld	a, b
    00000579 B1               [ 4] 1307 	or	a, c
    0000057A C0               [20] 1308 	ret	NZ
                                   1309 ;enemies.c:460: if (m_nTotalKilled != m_nLastSpawnRateKillCount) 
    0000057B FAr03r00         [16] 1310 	ld	a, (#_m_nTotalKilled)
    0000057E 21r0Br00         [12] 1311 	ld	hl, #_m_nLastSpawnRateKillCount
    00000581 96               [ 8] 1312 	sub	a, (hl)
    00000582 20 08            [12] 1313 	jr	NZ, 00272$
    00000584 FAr04r00         [16] 1314 	ld	a, (#_m_nTotalKilled + 1)
    00000587 21r0Cr00         [12] 1315 	ld	hl, #_m_nLastSpawnRateKillCount + 1
    0000058A 96               [ 8] 1316 	sub	a, (hl)
    0000058B C8               [20] 1317 	ret	Z
    0000058C                       1318 00272$:
                                   1319 ;enemies.c:463: if (m_nTotalKilled < 150) m_nSpawnDelay -= 5;
    0000058C FAr0Er00         [16] 1320 	ld	a, (_m_nSpawnDelay)
    0000058F 4F               [ 4] 1321 	ld	c, a
    00000590 21r03r00         [12] 1322 	ld	hl, #_m_nTotalKilled
    00000593 2A               [ 8] 1323 	ld	a, (hl+)
    00000594 D6 96            [ 8] 1324 	sub	a, #0x96
    00000596 7E               [ 8] 1325 	ld	a, (hl)
    00000597 DE 00            [ 8] 1326 	sbc	a, #0x00
    00000599 30 08            [12] 1327 	jr	NC, 00123$
    0000059B 79               [ 4] 1328 	ld	a, c
    0000059C C6 FB            [ 8] 1329 	add	a, #0xfb
    0000059E EAr0Er00         [16] 1330 	ld	(#_m_nSpawnDelay),a
    000005A1 18 18            [12] 1331 	jr	00124$
    000005A3                       1332 00123$:
                                   1333 ;enemies.c:464: else if (m_nTotalKilled < 300) m_nSpawnDelay -= 2;
    000005A3 21r03r00         [12] 1334 	ld	hl, #_m_nTotalKilled
    000005A6 2A               [ 8] 1335 	ld	a, (hl+)
    000005A7 D6 2C            [ 8] 1336 	sub	a, #0x2c
    000005A9 7E               [ 8] 1337 	ld	a, (hl)
    000005AA DE 01            [ 8] 1338 	sbc	a, #0x01
    000005AC 30 08            [12] 1339 	jr	NC, 00120$
    000005AE 79               [ 4] 1340 	ld	a, c
    000005AF C6 FE            [ 8] 1341 	add	a, #0xfe
    000005B1 EAr0Er00         [16] 1342 	ld	(#_m_nSpawnDelay),a
    000005B4 18 05            [12] 1343 	jr	00124$
    000005B6                       1344 00120$:
                                   1345 ;enemies.c:465: else m_nSpawnDelay -= 1;
    000005B6 79               [ 4] 1346 	ld	a, c
    000005B7 3D               [ 4] 1347 	dec	a
    000005B8 EAr0Er00         [16] 1348 	ld	(#_m_nSpawnDelay),a
    000005BB                       1349 00124$:
                                   1350 ;enemies.c:468: if (m_nTotalKilled < 550) m_nKillsForNextSpawnRate = 15;
    000005BB 21r03r00         [12] 1351 	ld	hl, #_m_nTotalKilled
    000005BE 2A               [ 8] 1352 	ld	a, (hl+)
    000005BF D6 26            [ 8] 1353 	sub	a, #0x26
    000005C1 7E               [ 8] 1354 	ld	a, (hl)
    000005C2 DE 02            [ 8] 1355 	sbc	a, #0x02
    000005C4 30 0A            [12] 1356 	jr	NC, 00135$
    000005C6 21r07r00         [12] 1357 	ld	hl, #_m_nKillsForNextSpawnRate
    000005C9 3E 0F            [ 8] 1358 	ld	a, #0x0f
    000005CB 22               [ 8] 1359 	ld	(hl+), a
    000005CC AF               [ 4] 1360 	xor	a, a
    000005CD 77               [ 8] 1361 	ld	(hl), a
    000005CE 18 4E            [12] 1362 	jr	00136$
    000005D0                       1363 00135$:
                                   1364 ;enemies.c:469: else if (m_nTotalKilled < 650) { m_nKillsForNextSpawnRate = 200; nDamgeToPlayer = 40; }
    000005D0 21r03r00         [12] 1365 	ld	hl, #_m_nTotalKilled
    000005D3 2A               [ 8] 1366 	ld	a, (hl+)
    000005D4 D6 8A            [ 8] 1367 	sub	a, #0x8a
    000005D6 7E               [ 8] 1368 	ld	a, (hl)
    000005D7 DE 02            [ 8] 1369 	sbc	a, #0x02
    000005D9 30 0A            [12] 1370 	jr	NC, 00132$
    000005DB 21r07r00         [12] 1371 	ld	hl, #_m_nKillsForNextSpawnRate
    000005DE 3E C8            [ 8] 1372 	ld	a, #0xc8
    000005E0 22               [ 8] 1373 	ld	(hl+), a
    000005E1 AF               [ 4] 1374 	xor	a, a
    000005E2 77               [ 8] 1375 	ld	(hl), a
    000005E3 18 39            [12] 1376 	jr	00136$
    000005E5                       1377 00132$:
                                   1378 ;enemies.c:470: else if (m_nTotalKilled < 950) { m_nKillsForNextSpawnRate = 400; nDamgeToPlayer = 50; }
    000005E5 21r03r00         [12] 1379 	ld	hl, #_m_nTotalKilled
    000005E8 2A               [ 8] 1380 	ld	a, (hl+)
    000005E9 D6 B6            [ 8] 1381 	sub	a, #0xb6
    000005EB 7E               [ 8] 1382 	ld	a, (hl)
    000005EC DE 03            [ 8] 1383 	sbc	a, #0x03
    000005EE 30 0A            [12] 1384 	jr	NC, 00129$
    000005F0 21r07r00         [12] 1385 	ld	hl, #_m_nKillsForNextSpawnRate
    000005F3 3E 90            [ 8] 1386 	ld	a, #0x90
    000005F5 22               [ 8] 1387 	ld	(hl+), a
    000005F6 36 01            [12] 1388 	ld	(hl), #0x01
    000005F8 18 24            [12] 1389 	jr	00136$
    000005FA                       1390 00129$:
                                   1391 ;enemies.c:471: else if (m_nTotalKilled < 2000) { m_nKillsForNextSpawnRate = 500; m_nCurrentSpeed = 9; }
    000005FA 21r03r00         [12] 1392 	ld	hl, #_m_nTotalKilled
    000005FD 2A               [ 8] 1393 	ld	a, (hl+)
    000005FE D6 D0            [ 8] 1394 	sub	a, #0xd0
    00000600 7E               [ 8] 1395 	ld	a, (hl)
    00000601 DE 07            [ 8] 1396 	sbc	a, #0x07
    00000603 30 0F            [12] 1397 	jr	NC, 00126$
    00000605 21r07r00         [12] 1398 	ld	hl, #_m_nKillsForNextSpawnRate
    00000608 3E F4            [ 8] 1399 	ld	a, #0xf4
    0000060A 22               [ 8] 1400 	ld	(hl+), a
    0000060B 36 01            [12] 1401 	ld	(hl), #0x01
    0000060D 21r02r00         [12] 1402 	ld	hl, #_m_nCurrentSpeed
    00000610 36 09            [12] 1403 	ld	(hl), #0x09
    00000612 18 0A            [12] 1404 	jr	00136$
    00000614                       1405 00126$:
                                   1406 ;enemies.c:472: else { m_bMaxSpawnRateReached= TRUE; m_nCurrentSpeed = 10; }
    00000614 21r0Ar00         [12] 1407 	ld	hl, #_m_bMaxSpawnRateReached
    00000617 36 01            [12] 1408 	ld	(hl), #0x01
    00000619 21r02r00         [12] 1409 	ld	hl, #_m_nCurrentSpeed
    0000061C 36 0A            [12] 1410 	ld	(hl), #0x0a
    0000061E                       1411 00136$:
                                   1412 ;enemies.c:475: m_nLastSpawnRateKillCount = m_nTotalKilled;
    0000061E FAr03r00         [16] 1413 	ld	a, (#_m_nTotalKilled)
    00000621 EAr0Br00         [16] 1414 	ld	(#_m_nLastSpawnRateKillCount),a
    00000624 FAr04r00         [16] 1415 	ld	a, (#_m_nTotalKilled + 1)
    00000627 EAr0Cr00         [16] 1416 	ld	(#_m_nLastSpawnRateKillCount + 1),a
                                   1417 ;enemies.c:478: }
    0000062A C9               [16] 1418 	ret
                                   1419 ;enemies.c:489: BOOLEAN IsEnemyAlive(UINT8 nEnemyIndex) 
                                   1420 ;	---------------------------------
                                   1421 ; Function IsEnemyAlive
                                   1422 ; ---------------------------------
    0000062B                       1423 _IsEnemyAlive::
    0000062B 4F               [ 4] 1424 	ld	c, a
                                   1425 ;enemies.c:491: return m_aoEnemies[nEnemyIndex].bAlive;
    0000062C 06 00            [ 8] 1426 	ld	b, #0x00
    0000062E 69               [ 4] 1427 	ld	l, c
    0000062F 60               [ 4] 1428 	ld	h, b
    00000630 29               [ 8] 1429 	add	hl, hl
    00000631 09               [ 8] 1430 	add	hl, bc
    00000632 29               [ 8] 1431 	add	hl, hl
    00000633 29               [ 8] 1432 	add	hl, hl
    00000634 09               [ 8] 1433 	add	hl, bc
    00000635 11r00r00         [12] 1434 	ld	de, #_m_aoEnemies
    00000638 19               [ 8] 1435 	add	hl, de
    00000639 23               [ 8] 1436 	inc	hl
    0000063A 23               [ 8] 1437 	inc	hl
    0000063B 23               [ 8] 1438 	inc	hl
    0000063C 7E               [ 8] 1439 	ld	a, (hl)
                                   1440 ;enemies.c:492: }
    0000063D C9               [16] 1441 	ret
                                   1442 ;enemies.c:497: void SpawnNext(void) 
                                   1443 ;	---------------------------------
                                   1444 ; Function SpawnNext
                                   1445 ; ---------------------------------
    0000063E                       1446 _SpawnNext::
    0000063E 3B               [ 8] 1447 	dec	sp
    0000063F 3B               [ 8] 1448 	dec	sp
                                   1449 ;enemies.c:508: UINT8 nFreeSlot = MAX_ENEMIES;
    00000640 0E 10            [ 8] 1450 	ld	c, #0x10
                                   1451 ;enemies.c:512: for (i = 0; i < MAX_ENEMIES; i++) 
    00000642 F8 00            [12] 1452 	ldhl	sp,	#0
    00000644 AF               [ 4] 1453 	xor	a, a
    00000645 22               [ 8] 1454 	ld	(hl+), a
    00000646 77               [ 8] 1455 	ld	(hl), a
    00000647                       1456 00106$:
                                   1457 ;enemies.c:517: if (!m_aoEnemies[i].bAlive) 
    00000647 F8 01            [12] 1458 	ldhl	sp,	#1
    00000649 5E               [ 8] 1459 	ld	e, (hl)
    0000064A 16 00            [ 8] 1460 	ld	d, #0x00
    0000064C 6B               [ 4] 1461 	ld	l, e
    0000064D 62               [ 4] 1462 	ld	h, d
    0000064E 29               [ 8] 1463 	add	hl, hl
    0000064F 19               [ 8] 1464 	add	hl, de
    00000650 29               [ 8] 1465 	add	hl, hl
    00000651 29               [ 8] 1466 	add	hl, hl
    00000652 19               [ 8] 1467 	add	hl, de
    00000653 11r00r00         [12] 1468 	ld	de, #_m_aoEnemies
    00000656 19               [ 8] 1469 	add	hl, de
    00000657 23               [ 8] 1470 	inc	hl
    00000658 23               [ 8] 1471 	inc	hl
    00000659 23               [ 8] 1472 	inc	hl
    0000065A 7E               [ 8] 1473 	ld	a, (hl)
    0000065B B7               [ 4] 1474 	or	a, a
    0000065C 20 05            [12] 1475 	jr	NZ, 00107$
                                   1476 ;enemies.c:519: nFreeSlot = i;
    0000065E F8 00            [12] 1477 	ldhl	sp,	#0
    00000660 4E               [ 8] 1478 	ld	c, (hl)
                                   1479 ;enemies.c:520: break;
    00000661 18 0A            [12] 1480 	jr	00103$
    00000663                       1481 00107$:
                                   1482 ;enemies.c:512: for (i = 0; i < MAX_ENEMIES; i++) 
    00000663 F8 01            [12] 1483 	ldhl	sp,	#1
    00000665 34               [12] 1484 	inc	(hl)
    00000666 3A               [ 8] 1485 	ld	a, (hl-)
    00000667 22               [ 8] 1486 	ld	(hl+), a
    00000668 7E               [ 8] 1487 	ld	a, (hl)
    00000669 D6 10            [ 8] 1488 	sub	a, #0x10
    0000066B 38 DA            [12] 1489 	jr	C, 00106$
    0000066D                       1490 00103$:
                                   1491 ;enemies.c:526: if (nFreeSlot == MAX_ENEMIES) return;
    0000066D 79               [ 4] 1492 	ld	a, c
    0000066E D6 10            [ 8] 1493 	sub	a, #0x10
    00000670 28 0C            [12] 1494 	jr	Z, 00108$
                                   1495 ;enemies.c:529: nSpawnIndex = GetNextSpawnIndex();
    00000672 C5               [16] 1496 	push	bc
    00000673 CDrA4r00         [24] 1497 	call	_GetNextSpawnIndex
    00000676 C1               [12] 1498 	pop	bc
                                   1499 ;enemies.c:532: SpawnEnemy(nFreeSlot, nSpawnIndex);
    00000677 5F               [ 4] 1500 	ld	e, a
    00000678 79               [ 4] 1501 	ld	a, c
    00000679 33               [ 8] 1502 	inc	sp
    0000067A 33               [ 8] 1503 	inc	sp
    0000067B C3r07r01         [16] 1504 	jp	_SpawnEnemy
    0000067E                       1505 00108$:
                                   1506 ;enemies.c:533: }
    0000067E 33               [ 8] 1507 	inc	sp
    0000067F 33               [ 8] 1508 	inc	sp
    00000680 C9               [16] 1509 	ret
                                   1510 ;enemies.c:538: void TickSpawnTimer(void) 
                                   1511 ;	---------------------------------
                                   1512 ; Function TickSpawnTimer
                                   1513 ; ---------------------------------
    00000681                       1514 _TickSpawnTimer::
                                   1515 ;enemies.c:540: if (m_nSpawnTimer > 0) 
    00000681 21r0Dr00         [12] 1516 	ld	hl, #_m_nSpawnTimer
    00000684 7E               [ 8] 1517 	ld	a, (hl)
    00000685 B7               [ 4] 1518 	or	a, a
    00000686 C8               [20] 1519 	ret	Z
                                   1520 ;enemies.c:542: m_nSpawnTimer--;
    00000687 35               [12] 1521 	dec	(hl)
                                   1522 ;enemies.c:544: }
    00000688 C9               [16] 1523 	ret
                                   1524 	.area _CODE
                                   1525 	.area _INITIALIZER
    00000000                       1526 __xinit__m_nNextSpriteID:
    00000000 07                    1527 	.db #0x07	; 7
    00000001                       1528 __xinit__m_nSpawnQueuePos:
    00000001 00                    1529 	.db #0x00	; 0
    00000002                       1530 __xinit__m_nCurrentSpeed:
    00000002 01                    1531 	.db #0x01	; 1
    00000003                       1532 __xinit__m_nTotalKilled:
    00000003 00 00                 1533 	.dw #0x0000
    00000005                       1534 __xinit__m_nKillsForNextSpeed:
    00000005 0F 00                 1535 	.dw #0x000f
    00000007                       1536 __xinit__m_nKillsForNextSpawnRate:
    00000007 0F 00                 1537 	.dw #0x000f
    00000009                       1538 __xinit__m_bMaxSpeedReached:
    00000009 00                    1539 	.db #0x00	;  0
    0000000A                       1540 __xinit__m_bMaxSpawnRateReached:
    0000000A 00                    1541 	.db #0x00	;  0
    0000000B                       1542 __xinit__m_nLastSpawnRateKillCount:
    0000000B 00 00                 1543 	.dw #0x0000
    0000000D                       1544 __xinit__m_nSpawnTimer:
    0000000D 00                    1545 	.db #0x00	; 0
    0000000E                       1546 __xinit__m_nSpawnDelay:
    0000000E 64                    1547 	.db #0x64	; 100	'd'
    0000000F                       1548 __xinit__m_bPlayKillSoundEffect:
    0000000F 00                    1549 	.db #0x00	;  0
    00000010                       1550 __xinit__m_bShowSpray:
    00000010 00                    1551 	.db #0x00	;  0
                                   1552 	.area _CABS (ABS)
